#
# A fatal error has been detected by the Java Runtime Environment:
#
#  EXCEPTION_ACCESS_VIOLATION (0xc0000005) at pc=0x00007ffdf45348f5, pid=11748, tid=11740
#
# JRE version: OpenJDK Runtime Environment (11.0.4+10) (build 11.0.4+10-b304.77)
# Java VM: OpenJDK 64-Bit Server VM (11.0.4+10-b304.77, mixed mode, sharing, tiered, compressed oops, g1 gc, windows-amd64)
# Problematic frame:
# C  [openalpr.dll+0x548f5]
#
# No core dump will be written. Minidumps are not enabled by default on client versions of Windows
#
# If you would like to submit a bug report, please visit:
#   http://bugreport.java.com/bugreport/crash.jsp
# The crash happened outside the Java Virtual Machine in native code.
# See problematic frame for where to report the bug.
#

---------------  S U M M A R Y ------------

Command Line: -agentlib:jdwp=transport=dt_socket,server=n,suspend=y,address=64163 -Dfile.encoding=windows-1252 -Duser.country=ZA -Duser.language=en -Duser.variant OpenALPR_Test

Host: Intel(R) Core(TM) i7-7500U CPU @ 2.70GHz, 4 cores, 7G,  Windows 10 , 64 bit Build 18362 (10.0.18362.329)
Time: Thu Nov 14 08:27:26 2019 South Africa Standard Time elapsed time: 0 seconds (0d 0h 0m 0s)

---------------  T H R E A D  ---------------

Current thread (0x000002cdb30c8800):  JavaThread "main" [_thread_in_native, id=11740, stack(0x000000e589100000,0x000000e589200000)]

Stack: [0x000000e589100000,0x000000e589200000],  sp=0x000000e5891fdc10,  free space=1015k
Native frames: (J=compiled Java code, j=interpreted, Vv=VM code, C=native code)
C  [openalpr.dll+0x548f5]

Java frames: (J=compiled Java code, j=interpreted, Vv=VM code)
j  com.openalpr.jni.Alpr.native_recognize(Ljava/lang/String;)Ljava/lang/String;+0
j  com.openalpr.jni.Alpr.recognize(Ljava/lang/String;)Lcom/openalpr/jni/AlprResults;+2
j  OpenALPR_Test.main([Ljava/lang/String;)V+37
v  ~StubRoutines::call_stub

siginfo: EXCEPTION_ACCESS_VIOLATION (0xc0000005), reading address 0x0000000000000008


Register to memory mapping:

RIP=0x00007ffdf45348f5 openalpr.dll
RAX=0x000048892ddd57d4 is an unknown value
RBX=0x000000e5891fe4f0 is pointing into the stack for thread: 0x000002cdb30c8800
RCX=0x0 is NULL
RDX=0x000000e5891fe730 is pointing into the stack for thread: 0x000002cdb30c8800
RSP=0x000000e5891fdc10 is pointing into the stack for thread: 0x000002cdb30c8800
RBP=0x000000e5891fdd10 is pointing into the stack for thread: 0x000002cdb30c8800
RSI=0x0 is NULL
RDI=0x000000e5891fe730 is pointing into the stack for thread: 0x000002cdb30c8800
R8 =0x000000e5891fe4f0 is pointing into the stack for thread: 0x000002cdb30c8800
R9 =0x000000e5891fdec8 is pointing into the stack for thread: 0x000002cdb30c8800
R10=0x0000000000000140 is an unknown value
R11=0x000000e5891fdd50 is pointing into the stack for thread: 0x000002cdb30c8800
R12=0x0 is NULL
R13=0x0 is NULL
R14=0x000000e5891fe9e0 is pointing into the stack for thread: 0x000002cdb30c8800
R15=0x000002cdce2d1b30 points into unknown readable memory: 10 eb 6b f4 fd 7f 00 00


Registers:
RAX=0x000048892ddd57d4, RBX=0x000000e5891fe4f0, RCX=0x0000000000000000, RDX=0x000000e5891fe730
RSP=0x000000e5891fdc10, RBP=0x000000e5891fdd10, RSI=0x0000000000000000, RDI=0x000000e5891fe730
R8 =0x000000e5891fe4f0, R9 =0x000000e5891fdec8, R10=0x0000000000000140, R11=0x000000e5891fdd50
R12=0x0000000000000000, R13=0x0000000000000000, R14=0x000000e5891fe9e0, R15=0x000002cdce2d1b30
RIP=0x00007ffdf45348f5, EFLAGS=0x0000000000010246

Top of Stack: (sp=0x000000e5891fdc10)
0x000000e5891fdc10:   0000000000000020 000002cdb17a0cc0
0x000000e5891fdc20:   000a9724000a8401 0000000000000000
0x000000e5891fdc30:   0000000000000010 0000000000000000
0x000000e5891fdc40:   0000000000000000 0000000000000002
0x000000e5891fdc50:   0000000000000020 000000e5891fdd19
0x000000e5891fdc60:   000002cdb17e0000 00007ffe69abba17
0x000000e5891fdc70:   000002cd00000000 000c3c2600000000
0x000000e5891fdc80:   0000000000000010 000c88b200000000
0x000000e5891fdc90:   000caef8000c9bd5 000cd53e000cc21b
0x000000e5891fdca0:   000002cdce24d610 000d21ca000d0ea7
0x000000e5891fdcb0:   000d4810000d34ed 000d6e56000d5b33
0x000000e5891fdcc0:   0000000000000000 000dbae2000da7bf
0x000000e5891fdcd0:   000de128000dce05 000e076e000df44b
0x000000e5891fdce0:   000e2db4000e1a91 000e53fa000e40d7
0x000000e5891fdcf0:   fffffffffffffffe 000000e5891fe730
0x000000e5891fdd00:   000000e5891fe4f0 000eed12000ed9ef 

Instructions: (pc=0x00007ffdf45348f5)
0x00007ffdf45347f5:   94 00 00 00 ff 15 d9 79 18 00 48 8b c8 48 8d 15
0x00007ffdf4534805:   af ea 18 00 e8 d2 7f fb ff 48 8b c8 f3 0f 10 8f
0x00007ffdf4534815:   98 00 00 00 ff 15 b9 79 18 00 48 8b c8 48 8d 15
0x00007ffdf4534825:   8f ea 18 00 e8 b2 7f fb ff 48 8b c8 f3 0f 10 8f
0x00007ffdf4534835:   8c 00 00 00 ff 15 99 79 18 00 48 8b c8 48 8d 15
0x00007ffdf4534845:   6f ea 18 00 e8 92 7f fb ff 48 8b c8 f3 0f 10 8f
0x00007ffdf4534855:   90 00 00 00 ff 15 79 79 18 00 48 8b d3 48 8d 4c
0x00007ffdf4534865:   24 30 e8 34 66 fc ff 90 48 8d 8c 24 c8 00 00 00
0x00007ffdf4534875:   e8 a6 d7 fb ff 48 8d 8c 24 c8 00 00 00 ff 15 68
0x00007ffdf4534885:   7a 18 00 48 8b c3 4c 8d 9c 24 30 01 00 00 49 8b
0x00007ffdf4534895:   5b 18 49 8b 73 20 49 8b e3 5f c3 48 8b c4 55 53
0x00007ffdf45348a5:   56 57 41 54 41 56 41 57 48 8d a8 b8 fe ff ff 48
0x00007ffdf45348b5:   81 ec 10 02 00 00 48 c7 45 e0 fe ff ff ff 0f 29
0x00007ffdf45348c5:   70 b8 0f 29 78 a8 48 8b 05 1e 0a 25 00 48 33 c4
0x00007ffdf45348d5:   48 89 85 e0 00 00 00 49 8b d8 48 8b fa 48 8b f1
0x00007ffdf45348e5:   48 89 55 e8 48 89 5d f0 45 33 e4 44 89 64 24 60
0x00007ffdf45348f5:   44 38 61 08 75 63 48 8b 41 10 44 38 a0 fa 01 00
0x00007ffdf4534905:   00 74 23 48 8d 15 e1 e9 18 00 48 8b 0d ea 78 18
0x00007ffdf4534915:   00 e8 c5 7e fb ff 48 8b c8 48 8d 15 9b 84 fb ff
0x00007ffdf4534925:   ff 15 9d 79 18 00 48 8b d3 48 8b cf e8 0a 72 fd
0x00007ffdf4534935:   ff c7 44 24 60 01 00 00 00 48 8b cb e8 8a 5b fc
0x00007ffdf4534945:   ff 48 8b 4b 48 48 8d 53 50 48 3b ca 74 06 e8 0c
0x00007ffdf4534955:   8a 03 00 90 e9 03 03 00 00 66 41 0f 6e 50 0c 0f
0x00007ffdf4534965:   5b d2 f3 0f 10 49 78 f3 0f 5e ca 66 41 0f 6e 58
0x00007ffdf4534975:   08 0f 5b db f3 0f 10 41 7c f3 0f 5e c3 0f 28 f9
0x00007ffdf4534985:   f3 0f 59 b9 80 00 00 00 0f 28 f1 f3 0f 59 b1 84
0x00007ffdf4534995:   00 00 00 f3 0f 10 a9 94 00 00 00 f3 0f 5e e9 f3
0x00007ffdf45349a5:   0f 10 a1 98 00 00 00 f3 0f 5e e0 f3 0f 10 81 90
0x00007ffdf45349b5:   00 00 00 f3 0f 11 44 24 50 f3 0f 10 89 8c 00 00
0x00007ffdf45349c5:   00 f3 0f 11 4c 24 48 f3 0f 11 64 24 40 f3 0f 11
0x00007ffdf45349d5:   6c 24 38 f3 0f 10 81 88 00 00 00 f3 0f 11 44 24
0x00007ffdf45349e5:   30 f3 0f 11 74 24 28 f3 0f 11 7c 24 20 48 8d 95 


Stack slot to memory mapping:
stack at sp + 0 slots: 0x0000000000000020 is an unknown value
stack at sp + 1 slots: 0x000002cdb17a0cc0 points into unknown readable memory: 1d 00 5e 00 00 00 00 00
stack at sp + 2 slots: 0x000a9724000a8401 is an unknown value
stack at sp + 3 slots: 0x0 is NULL
stack at sp + 4 slots: 0x0000000000000010 is an unknown value
stack at sp + 5 slots: 0x0 is NULL
stack at sp + 6 slots: 0x0 is NULL
stack at sp + 7 slots: 0x0000000000000002 is an unknown value


---------------  P R O C E S S  ---------------

Threads class SMR info:
_java_thread_list=0x000002cdce248df0, length=13, elements={
0x000002cdb30c8800, 0x000002cdcd786800, 0x000002cdcd789000, 0x000002cdcd78d000,
0x000002cdcd7a6000, 0x000002cdcd7a8000, 0x000002cdcd7b4000, 0x000002cdcd7c3000,
0x000002cdce22a000, 0x000002cdce22d000, 0x000002cdce22e000, 0x000002cdce239800,
0x000002cdce256800
}

Java Threads: ( => current thread )
=>0x000002cdb30c8800 JavaThread "main" [_thread_in_native, id=11740, stack(0x000000e589100000,0x000000e589200000)]
  0x000002cdcd786800 JavaThread "Reference Handler" daemon [_thread_blocked, id=3272, stack(0x000000e589800000,0x000000e589900000)]
  0x000002cdcd789000 JavaThread "Finalizer" daemon [_thread_blocked, id=11528, stack(0x000000e589900000,0x000000e589a00000)]
  0x000002cdcd78d000 JavaThread "Signal Dispatcher" daemon [_thread_blocked, id=10880, stack(0x000000e589a00000,0x000000e589b00000)]
  0x000002cdcd7a6000 JavaThread "Attach Listener" daemon [_thread_blocked, id=7292, stack(0x000000e589b00000,0x000000e589c00000)]
  0x000002cdcd7a8000 JavaThread "C2 CompilerThread0" daemon [_thread_blocked, id=5952, stack(0x000000e589c00000,0x000000e589d00000)]
  0x000002cdcd7b4000 JavaThread "C1 CompilerThread0" daemon [_thread_blocked, id=2512, stack(0x000000e589d00000,0x000000e589e00000)]
  0x000002cdcd7c3000 JavaThread "Sweeper thread" daemon [_thread_blocked, id=15224, stack(0x000000e589e00000,0x000000e589f00000)]
  0x000002cdce22a000 JavaThread "JDWP Transport Listener: dt_socket" daemon [_thread_blocked, id=14964, stack(0x000000e589f00000,0x000000e58a000000)]
  0x000002cdce22d000 JavaThread "JDWP Event Helper Thread" daemon [_thread_blocked, id=12240, stack(0x000000e58a000000,0x000000e58a100000)]
  0x000002cdce22e000 JavaThread "JDWP Command Reader" daemon [_thread_in_native, id=10848, stack(0x000000e58a100000,0x000000e58a200000)]
  0x000002cdce239800 JavaThread "Service Thread" daemon [_thread_blocked, id=4300, stack(0x000000e58a200000,0x000000e58a300000)]
  0x000002cdce256800 JavaThread "Common-Cleaner" daemon [_thread_blocked, id=13588, stack(0x000000e58a400000,0x000000e58a500000)]

Other Threads:
  0x000002cdcd781000 VMThread "VM Thread" [stack: 0x000000e589700000,0x000000e589800000] [id=3312]
  0x000002cdce23c800 WatcherThread [stack: 0x000000e58a300000,0x000000e58a400000] [id=5192]
  0x000002cdb30df800 GCTaskThread "GC Thread#0" [stack: 0x000000e589200000,0x000000e589300000] [id=9140]
  0x000002cdb310f800 ConcurrentGCThread "G1 Main Marker" [stack: 0x000000e589300000,0x000000e589400000] [id=10332]
  0x000002cdb3112000 ConcurrentGCThread "G1 Conc#0" [stack: 0x000000e589400000,0x000000e589500000] [id=10964]
  0x000002cdcd620800 ConcurrentGCThread "G1 Refine#0" [stack: 0x000000e589500000,0x000000e589600000] [id=14260]
  0x000002cdcd621800 ConcurrentGCThread "G1 Young RemSet Sampling" [stack: 0x000000e589600000,0x000000e589700000] [id=13244]

Threads with active compile tasks:

VM state:not at safepoint (normal execution)

VM Mutex/Monitor currently owned by a thread: None

Heap address: 0x0000000081400000, size: 2028 MB, Compressed Oops mode: 32-bit
Narrow klass base: 0x0000000800000000, Narrow klass shift: 3
Compressed class space size: 1073741824 Address: 0x0000000840000000

Heap:
 garbage-first heap   total 131072K, used 1024K [0x0000000081400000, 0x0000000100000000)
  region size 1024K, 2 young (2048K), 0 survivors (0K)
 Metaspace       used 225K, capacity 4496K, committed 4864K, reserved 1056768K
  class space    used 10K, capacity 388K, committed 512K, reserved 1048576K
Heap Regions: E=young(eden), S=young(survivor), O=old, HS=humongous(starts), HC=humongous(continues), CS=collection set, F=free, A=archive, TAMS=top-at-mark-start (previous, next)
|   0|0x0000000081400000, 0x0000000081400000, 0x0000000081500000|  0%| F|  |TAMS 0x0000000081400000, 0x0000000081400000| Untracked 
|   1|0x0000000081500000, 0x0000000081500000, 0x0000000081600000|  0%| F|  |TAMS 0x0000000081500000, 0x0000000081500000| Untracked 
|   2|0x0000000081600000, 0x0000000081600000, 0x0000000081700000|  0%| F|  |TAMS 0x0000000081600000, 0x0000000081600000| Untracked 
|   3|0x0000000081700000, 0x0000000081700000, 0x0000000081800000|  0%| F|  |TAMS 0x0000000081700000, 0x0000000081700000| Untracked 
|   4|0x0000000081800000, 0x0000000081800000, 0x0000000081900000|  0%| F|  |TAMS 0x0000000081800000, 0x0000000081800000| Untracked 
|   5|0x0000000081900000, 0x0000000081900000, 0x0000000081a00000|  0%| F|  |TAMS 0x0000000081900000, 0x0000000081900000| Untracked 
|   6|0x0000000081a00000, 0x0000000081a00000, 0x0000000081b00000|  0%| F|  |TAMS 0x0000000081a00000, 0x0000000081a00000| Untracked 
|   7|0x0000000081b00000, 0x0000000081b00000, 0x0000000081c00000|  0%| F|  |TAMS 0x0000000081b00000, 0x0000000081b00000| Untracked 
|   8|0x0000000081c00000, 0x0000000081c00000, 0x0000000081d00000|  0%| F|  |TAMS 0x0000000081c00000, 0x0000000081c00000| Untracked 
|   9|0x0000000081d00000, 0x0000000081d00000, 0x0000000081e00000|  0%| F|  |TAMS 0x0000000081d00000, 0x0000000081d00000| Untracked 
|  10|0x0000000081e00000, 0x0000000081e00000, 0x0000000081f00000|  0%| F|  |TAMS 0x0000000081e00000, 0x0000000081e00000| Untracked 
|  11|0x0000000081f00000, 0x0000000081f00000, 0x0000000082000000|  0%| F|  |TAMS 0x0000000081f00000, 0x0000000081f00000| Untracked 
|  12|0x0000000082000000, 0x0000000082000000, 0x0000000082100000|  0%| F|  |TAMS 0x0000000082000000, 0x0000000082000000| Untracked 
|  13|0x0000000082100000, 0x0000000082100000, 0x0000000082200000|  0%| F|  |TAMS 0x0000000082100000, 0x0000000082100000| Untracked 
|  14|0x0000000082200000, 0x0000000082200000, 0x0000000082300000|  0%| F|  |TAMS 0x0000000082200000, 0x0000000082200000| Untracked 
|  15|0x0000000082300000, 0x0000000082300000, 0x0000000082400000|  0%| F|  |TAMS 0x0000000082300000, 0x0000000082300000| Untracked 
|  16|0x0000000082400000, 0x0000000082400000, 0x0000000082500000|  0%| F|  |TAMS 0x0000000082400000, 0x0000000082400000| Untracked 
|  17|0x0000000082500000, 0x0000000082500000, 0x0000000082600000|  0%| F|  |TAMS 0x0000000082500000, 0x0000000082500000| Untracked 
|  18|0x0000000082600000, 0x0000000082600000, 0x0000000082700000|  0%| F|  |TAMS 0x0000000082600000, 0x0000000082600000| Untracked 
|  19|0x0000000082700000, 0x0000000082700000, 0x0000000082800000|  0%| F|  |TAMS 0x0000000082700000, 0x0000000082700000| Untracked 
|  20|0x0000000082800000, 0x0000000082800000, 0x0000000082900000|  0%| F|  |TAMS 0x0000000082800000, 0x0000000082800000| Untracked 
|  21|0x0000000082900000, 0x0000000082900000, 0x0000000082a00000|  0%| F|  |TAMS 0x0000000082900000, 0x0000000082900000| Untracked 
|  22|0x0000000082a00000, 0x0000000082a00000, 0x0000000082b00000|  0%| F|  |TAMS 0x0000000082a00000, 0x0000000082a00000| Untracked 
|  23|0x0000000082b00000, 0x0000000082b00000, 0x0000000082c00000|  0%| F|  |TAMS 0x0000000082b00000, 0x0000000082b00000| Untracked 
|  24|0x0000000082c00000, 0x0000000082c00000, 0x0000000082d00000|  0%| F|  |TAMS 0x0000000082c00000, 0x0000000082c00000| Untracked 
|  25|0x0000000082d00000, 0x0000000082d00000, 0x0000000082e00000|  0%| F|  |TAMS 0x0000000082d00000, 0x0000000082d00000| Untracked 
|  26|0x0000000082e00000, 0x0000000082e00000, 0x0000000082f00000|  0%| F|  |TAMS 0x0000000082e00000, 0x0000000082e00000| Untracked 
|  27|0x0000000082f00000, 0x0000000082f00000, 0x0000000083000000|  0%| F|  |TAMS 0x0000000082f00000, 0x0000000082f00000| Untracked 
|  28|0x0000000083000000, 0x0000000083000000, 0x0000000083100000|  0%| F|  |TAMS 0x0000000083000000, 0x0000000083000000| Untracked 
|  29|0x0000000083100000, 0x0000000083100000, 0x0000000083200000|  0%| F|  |TAMS 0x0000000083100000, 0x0000000083100000| Untracked 
|  30|0x0000000083200000, 0x0000000083200000, 0x0000000083300000|  0%| F|  |TAMS 0x0000000083200000, 0x0000000083200000| Untracked 
|  31|0x0000000083300000, 0x0000000083300000, 0x0000000083400000|  0%| F|  |TAMS 0x0000000083300000, 0x0000000083300000| Untracked 
|  32|0x0000000083400000, 0x0000000083400000, 0x0000000083500000|  0%| F|  |TAMS 0x0000000083400000, 0x0000000083400000| Untracked 
|  33|0x0000000083500000, 0x0000000083500000, 0x0000000083600000|  0%| F|  |TAMS 0x0000000083500000, 0x0000000083500000| Untracked 
|  34|0x0000000083600000, 0x0000000083600000, 0x0000000083700000|  0%| F|  |TAMS 0x0000000083600000, 0x0000000083600000| Untracked 
|  35|0x0000000083700000, 0x0000000083700000, 0x0000000083800000|  0%| F|  |TAMS 0x0000000083700000, 0x0000000083700000| Untracked 
|  36|0x0000000083800000, 0x0000000083800000, 0x0000000083900000|  0%| F|  |TAMS 0x0000000083800000, 0x0000000083800000| Untracked 
|  37|0x0000000083900000, 0x0000000083900000, 0x0000000083a00000|  0%| F|  |TAMS 0x0000000083900000, 0x0000000083900000| Untracked 
|  38|0x0000000083a00000, 0x0000000083a00000, 0x0000000083b00000|  0%| F|  |TAMS 0x0000000083a00000, 0x0000000083a00000| Untracked 
|  39|0x0000000083b00000, 0x0000000083b00000, 0x0000000083c00000|  0%| F|  |TAMS 0x0000000083b00000, 0x0000000083b00000| Untracked 
|  40|0x0000000083c00000, 0x0000000083c00000, 0x0000000083d00000|  0%| F|  |TAMS 0x0000000083c00000, 0x0000000083c00000| Untracked 
|  41|0x0000000083d00000, 0x0000000083d00000, 0x0000000083e00000|  0%| F|  |TAMS 0x0000000083d00000, 0x0000000083d00000| Untracked 
|  42|0x0000000083e00000, 0x0000000083e00000, 0x0000000083f00000|  0%| F|  |TAMS 0x0000000083e00000, 0x0000000083e00000| Untracked 
|  43|0x0000000083f00000, 0x0000000083f00000, 0x0000000084000000|  0%| F|  |TAMS 0x0000000083f00000, 0x0000000083f00000| Untracked 
|  44|0x0000000084000000, 0x0000000084000000, 0x0000000084100000|  0%| F|  |TAMS 0x0000000084000000, 0x0000000084000000| Untracked 
|  45|0x0000000084100000, 0x0000000084100000, 0x0000000084200000|  0%| F|  |TAMS 0x0000000084100000, 0x0000000084100000| Untracked 
|  46|0x0000000084200000, 0x0000000084200000, 0x0000000084300000|  0%| F|  |TAMS 0x0000000084200000, 0x0000000084200000| Untracked 
|  47|0x0000000084300000, 0x0000000084300000, 0x0000000084400000|  0%| F|  |TAMS 0x0000000084300000, 0x0000000084300000| Untracked 
|  48|0x0000000084400000, 0x0000000084400000, 0x0000000084500000|  0%| F|  |TAMS 0x0000000084400000, 0x0000000084400000| Untracked 
|  49|0x0000000084500000, 0x0000000084500000, 0x0000000084600000|  0%| F|  |TAMS 0x0000000084500000, 0x0000000084500000| Untracked 
|  50|0x0000000084600000, 0x0000000084600000, 0x0000000084700000|  0%| F|  |TAMS 0x0000000084600000, 0x0000000084600000| Untracked 
|  51|0x0000000084700000, 0x0000000084700000, 0x0000000084800000|  0%| F|  |TAMS 0x0000000084700000, 0x0000000084700000| Untracked 
|  52|0x0000000084800000, 0x0000000084800000, 0x0000000084900000|  0%| F|  |TAMS 0x0000000084800000, 0x0000000084800000| Untracked 
|  53|0x0000000084900000, 0x0000000084900000, 0x0000000084a00000|  0%| F|  |TAMS 0x0000000084900000, 0x0000000084900000| Untracked 
|  54|0x0000000084a00000, 0x0000000084a00000, 0x0000000084b00000|  0%| F|  |TAMS 0x0000000084a00000, 0x0000000084a00000| Untracked 
|  55|0x0000000084b00000, 0x0000000084b00000, 0x0000000084c00000|  0%| F|  |TAMS 0x0000000084b00000, 0x0000000084b00000| Untracked 
|  56|0x0000000084c00000, 0x0000000084c00000, 0x0000000084d00000|  0%| F|  |TAMS 0x0000000084c00000, 0x0000000084c00000| Untracked 
|  57|0x0000000084d00000, 0x0000000084d00000, 0x0000000084e00000|  0%| F|  |TAMS 0x0000000084d00000, 0x0000000084d00000| Untracked 
|  58|0x0000000084e00000, 0x0000000084e00000, 0x0000000084f00000|  0%| F|  |TAMS 0x0000000084e00000, 0x0000000084e00000| Untracked 
|  59|0x0000000084f00000, 0x0000000084f00000, 0x0000000085000000|  0%| F|  |TAMS 0x0000000084f00000, 0x0000000084f00000| Untracked 
|  60|0x0000000085000000, 0x0000000085000000, 0x0000000085100000|  0%| F|  |TAMS 0x0000000085000000, 0x0000000085000000| Untracked 
|  61|0x0000000085100000, 0x0000000085100000, 0x0000000085200000|  0%| F|  |TAMS 0x0000000085100000, 0x0000000085100000| Untracked 
|  62|0x0000000085200000, 0x0000000085200000, 0x0000000085300000|  0%| F|  |TAMS 0x0000000085200000, 0x0000000085200000| Untracked 
|  63|0x0000000085300000, 0x0000000085300000, 0x0000000085400000|  0%| F|  |TAMS 0x0000000085300000, 0x0000000085300000| Untracked 
|  64|0x0000000085400000, 0x0000000085400000, 0x0000000085500000|  0%| F|  |TAMS 0x0000000085400000, 0x0000000085400000| Untracked 
|  65|0x0000000085500000, 0x0000000085500000, 0x0000000085600000|  0%| F|  |TAMS 0x0000000085500000, 0x0000000085500000| Untracked 
|  66|0x0000000085600000, 0x0000000085600000, 0x0000000085700000|  0%| F|  |TAMS 0x0000000085600000, 0x0000000085600000| Untracked 
|  67|0x0000000085700000, 0x0000000085700000, 0x0000000085800000|  0%| F|  |TAMS 0x0000000085700000, 0x0000000085700000| Untracked 
|  68|0x0000000085800000, 0x0000000085800000, 0x0000000085900000|  0%| F|  |TAMS 0x0000000085800000, 0x0000000085800000| Untracked 
|  69|0x0000000085900000, 0x0000000085900000, 0x0000000085a00000|  0%| F|  |TAMS 0x0000000085900000, 0x0000000085900000| Untracked 
|  70|0x0000000085a00000, 0x0000000085a00000, 0x0000000085b00000|  0%| F|  |TAMS 0x0000000085a00000, 0x0000000085a00000| Untracked 
|  71|0x0000000085b00000, 0x0000000085b00000, 0x0000000085c00000|  0%| F|  |TAMS 0x0000000085b00000, 0x0000000085b00000| Untracked 
|  72|0x0000000085c00000, 0x0000000085c00000, 0x0000000085d00000|  0%| F|  |TAMS 0x0000000085c00000, 0x0000000085c00000| Untracked 
|  73|0x0000000085d00000, 0x0000000085d00000, 0x0000000085e00000|  0%| F|  |TAMS 0x0000000085d00000, 0x0000000085d00000| Untracked 
|  74|0x0000000085e00000, 0x0000000085e00000, 0x0000000085f00000|  0%| F|  |TAMS 0x0000000085e00000, 0x0000000085e00000| Untracked 
|  75|0x0000000085f00000, 0x0000000085f00000, 0x0000000086000000|  0%| F|  |TAMS 0x0000000085f00000, 0x0000000085f00000| Untracked 
|  76|0x0000000086000000, 0x0000000086000000, 0x0000000086100000|  0%| F|  |TAMS 0x0000000086000000, 0x0000000086000000| Untracked 
|  77|0x0000000086100000, 0x0000000086100000, 0x0000000086200000|  0%| F|  |TAMS 0x0000000086100000, 0x0000000086100000| Untracked 
|  78|0x0000000086200000, 0x0000000086200000, 0x0000000086300000|  0%| F|  |TAMS 0x0000000086200000, 0x0000000086200000| Untracked 
|  79|0x0000000086300000, 0x0000000086300000, 0x0000000086400000|  0%| F|  |TAMS 0x0000000086300000, 0x0000000086300000| Untracked 
|  80|0x0000000086400000, 0x0000000086400000, 0x0000000086500000|  0%| F|  |TAMS 0x0000000086400000, 0x0000000086400000| Untracked 
|  81|0x0000000086500000, 0x0000000086500000, 0x0000000086600000|  0%| F|  |TAMS 0x0000000086500000, 0x0000000086500000| Untracked 
|  82|0x0000000086600000, 0x0000000086600000, 0x0000000086700000|  0%| F|  |TAMS 0x0000000086600000, 0x0000000086600000| Untracked 
|  83|0x0000000086700000, 0x0000000086700000, 0x0000000086800000|  0%| F|  |TAMS 0x0000000086700000, 0x0000000086700000| Untracked 
|  84|0x0000000086800000, 0x0000000086800000, 0x0000000086900000|  0%| F|  |TAMS 0x0000000086800000, 0x0000000086800000| Untracked 
|  85|0x0000000086900000, 0x0000000086900000, 0x0000000086a00000|  0%| F|  |TAMS 0x0000000086900000, 0x0000000086900000| Untracked 
|  86|0x0000000086a00000, 0x0000000086a00000, 0x0000000086b00000|  0%| F|  |TAMS 0x0000000086a00000, 0x0000000086a00000| Untracked 
|  87|0x0000000086b00000, 0x0000000086b00000, 0x0000000086c00000|  0%| F|  |TAMS 0x0000000086b00000, 0x0000000086b00000| Untracked 
|  88|0x0000000086c00000, 0x0000000086c00000, 0x0000000086d00000|  0%| F|  |TAMS 0x0000000086c00000, 0x0000000086c00000| Untracked 
|  89|0x0000000086d00000, 0x0000000086d00000, 0x0000000086e00000|  0%| F|  |TAMS 0x0000000086d00000, 0x0000000086d00000| Untracked 
|  90|0x0000000086e00000, 0x0000000086e00000, 0x0000000086f00000|  0%| F|  |TAMS 0x0000000086e00000, 0x0000000086e00000| Untracked 
|  91|0x0000000086f00000, 0x0000000086f00000, 0x0000000087000000|  0%| F|  |TAMS 0x0000000086f00000, 0x0000000086f00000| Untracked 
|  92|0x0000000087000000, 0x0000000087000000, 0x0000000087100000|  0%| F|  |TAMS 0x0000000087000000, 0x0000000087000000| Untracked 
|  93|0x0000000087100000, 0x0000000087100000, 0x0000000087200000|  0%| F|  |TAMS 0x0000000087100000, 0x0000000087100000| Untracked 
|  94|0x0000000087200000, 0x0000000087200000, 0x0000000087300000|  0%| F|  |TAMS 0x0000000087200000, 0x0000000087200000| Untracked 
|  95|0x0000000087300000, 0x0000000087300000, 0x0000000087400000|  0%| F|  |TAMS 0x0000000087300000, 0x0000000087300000| Untracked 
|  96|0x0000000087400000, 0x0000000087400000, 0x0000000087500000|  0%| F|  |TAMS 0x0000000087400000, 0x0000000087400000| Untracked 
|  97|0x0000000087500000, 0x0000000087500000, 0x0000000087600000|  0%| F|  |TAMS 0x0000000087500000, 0x0000000087500000| Untracked 
|  98|0x0000000087600000, 0x0000000087600000, 0x0000000087700000|  0%| F|  |TAMS 0x0000000087600000, 0x0000000087600000| Untracked 
|  99|0x0000000087700000, 0x0000000087700000, 0x0000000087800000|  0%| F|  |TAMS 0x0000000087700000, 0x0000000087700000| Untracked 
| 100|0x0000000087800000, 0x0000000087800000, 0x0000000087900000|  0%| F|  |TAMS 0x0000000087800000, 0x0000000087800000| Untracked 
| 101|0x0000000087900000, 0x0000000087900000, 0x0000000087a00000|  0%| F|  |TAMS 0x0000000087900000, 0x0000000087900000| Untracked 
| 102|0x0000000087a00000, 0x0000000087a00000, 0x0000000087b00000|  0%| F|  |TAMS 0x0000000087a00000, 0x0000000087a00000| Untracked 
| 103|0x0000000087b00000, 0x0000000087b00000, 0x0000000087c00000|  0%| F|  |TAMS 0x0000000087b00000, 0x0000000087b00000| Untracked 
| 104|0x0000000087c00000, 0x0000000087c00000, 0x0000000087d00000|  0%| F|  |TAMS 0x0000000087c00000, 0x0000000087c00000| Untracked 
| 105|0x0000000087d00000, 0x0000000087d00000, 0x0000000087e00000|  0%| F|  |TAMS 0x0000000087d00000, 0x0000000087d00000| Untracked 
| 106|0x0000000087e00000, 0x0000000087e00000, 0x0000000087f00000|  0%| F|  |TAMS 0x0000000087e00000, 0x0000000087e00000| Untracked 
| 107|0x0000000087f00000, 0x0000000087f00000, 0x0000000088000000|  0%| F|  |TAMS 0x0000000087f00000, 0x0000000087f00000| Untracked 
| 108|0x0000000088000000, 0x0000000088000000, 0x0000000088100000|  0%| F|  |TAMS 0x0000000088000000, 0x0000000088000000| Untracked 
| 109|0x0000000088100000, 0x0000000088100000, 0x0000000088200000|  0%| F|  |TAMS 0x0000000088100000, 0x0000000088100000| Untracked 
| 110|0x0000000088200000, 0x0000000088200000, 0x0000000088300000|  0%| F|  |TAMS 0x0000000088200000, 0x0000000088200000| Untracked 
| 111|0x0000000088300000, 0x0000000088300000, 0x0000000088400000|  0%| F|  |TAMS 0x0000000088300000, 0x0000000088300000| Untracked 
| 112|0x0000000088400000, 0x0000000088400000, 0x0000000088500000|  0%| F|  |TAMS 0x0000000088400000, 0x0000000088400000| Untracked 
| 113|0x0000000088500000, 0x0000000088500000, 0x0000000088600000|  0%| F|  |TAMS 0x0000000088500000, 0x0000000088500000| Untracked 
| 114|0x0000000088600000, 0x0000000088600000, 0x0000000088700000|  0%| F|  |TAMS 0x0000000088600000, 0x0000000088600000| Untracked 
| 115|0x0000000088700000, 0x0000000088700000, 0x0000000088800000|  0%| F|  |TAMS 0x0000000088700000, 0x0000000088700000| Untracked 
| 116|0x0000000088800000, 0x0000000088800000, 0x0000000088900000|  0%| F|  |TAMS 0x0000000088800000, 0x0000000088800000| Untracked 
| 117|0x0000000088900000, 0x0000000088900000, 0x0000000088a00000|  0%| F|  |TAMS 0x0000000088900000, 0x0000000088900000| Untracked 
| 118|0x0000000088a00000, 0x0000000088a00000, 0x0000000088b00000|  0%| F|  |TAMS 0x0000000088a00000, 0x0000000088a00000| Untracked 
| 119|0x0000000088b00000, 0x0000000088b00000, 0x0000000088c00000|  0%| F|  |TAMS 0x0000000088b00000, 0x0000000088b00000| Untracked 
| 120|0x0000000088c00000, 0x0000000088c00000, 0x0000000088d00000|  0%| F|  |TAMS 0x0000000088c00000, 0x0000000088c00000| Untracked 
| 121|0x0000000088d00000, 0x0000000088d00000, 0x0000000088e00000|  0%| F|  |TAMS 0x0000000088d00000, 0x0000000088d00000| Untracked 
| 122|0x0000000088e00000, 0x0000000088e00000, 0x0000000088f00000|  0%| F|  |TAMS 0x0000000088e00000, 0x0000000088e00000| Untracked 
| 123|0x0000000088f00000, 0x0000000088f00000, 0x0000000089000000|  0%| F|  |TAMS 0x0000000088f00000, 0x0000000088f00000| Untracked 
| 124|0x0000000089000000, 0x0000000089000000, 0x0000000089100000|  0%| F|  |TAMS 0x0000000089000000, 0x0000000089000000| Untracked 
| 125|0x0000000089100000, 0x0000000089100000, 0x0000000089200000|  0%| F|  |TAMS 0x0000000089100000, 0x0000000089100000| Untracked 
| 126|0x0000000089200000, 0x0000000089290078, 0x0000000089300000| 56%| E|  |TAMS 0x0000000089200000, 0x0000000089200000| Complete 
| 127|0x0000000089300000, 0x0000000089400000, 0x0000000089400000|100%| E|CS|TAMS 0x0000000089300000, 0x0000000089300000| Complete 

Card table byte_map: [0x000002cdc6a20000,0x000002cdc6e20000] _byte_map_base: 0x000002cdc6616000

Marking Bits (Prev, Next): (CMBitMap*) 0x000002cdb3107098, (CMBitMap*) 0x000002cdb31070d0
 Prev Bits: [0x000002cdc7220000, 0x000002cdc91d0000)
 Next Bits: [0x000002cdc91d0000, 0x000002cdcb180000)

Polling page: 0x000002cdb31a0000

Metaspace:

Usage:
  Non-class:      4.01 MB capacity,   214.92 KB (  5%) used,     3.80 MB ( 95%) free+waste,   256 bytes ( <1%) overhead. 
      Class:    388.00 KB capacity,    10.40 KB (  3%) used,   377.41 KB ( 97%) free+waste,   192 bytes ( <1%) overhead. 
       Both:      4.39 MB capacity,   225.32 KB (  5%) used,     4.17 MB ( 95%) free+waste,   448 bytes ( <1%) overhead. 

Virtual space:
  Non-class space:        8.00 MB reserved,       4.25 MB ( 53%) committed 
      Class space:        1.00 GB reserved,     512.00 KB ( <1%) committed 
             Both:        1.01 GB reserved,       4.75 MB ( <1%) committed 

Chunk freelists:
   Non-Class:  0 bytes
       Class:  0 bytes
        Both:  0 bytes

CodeHeap 'non-profiled nmethods': size=120064Kb used=25Kb max_used=25Kb free=120038Kb
 bounds [0x000002cdbeab0000, 0x000002cdbed20000, 0x000002cdc5ff0000]
CodeHeap 'profiled nmethods': size=120000Kb used=133Kb max_used=133Kb free=119866Kb
 bounds [0x000002cdb7580000, 0x000002cdb77f0000, 0x000002cdbeab0000]
CodeHeap 'non-nmethods': size=5696Kb used=1079Kb max_used=1091Kb free=4616Kb
 bounds [0x000002cdb6ff0000, 0x000002cdb7260000, 0x000002cdb7580000]
 total_blobs=394 nmethods=93 adapters=164
 compilation: enabled
              stopped_count=0, restarted_count=0
 full_count=0

Compilation events (10 events):
Event: 0.083 Thread 0x000002cdcd7b4000   89       3       java.lang.StringLatin1::lastIndexOf (40 bytes)
Event: 0.083 Thread 0x000002cdcd7a8000   92       4       java.lang.String::charAt (25 bytes)
Event: 0.083 Thread 0x000002cdcd7b4000 nmethod 89 0x000002cdb759f090 code [0x000002cdb759f260, 0x000002cdb759f678]
Event: 0.083 Thread 0x000002cdcd7b4000   90       3       java.util.Arrays::copyOfRange (63 bytes)
Event: 0.084 Thread 0x000002cdcd7b4000 nmethod 90 0x000002cdb759f810 code [0x000002cdb759fac0, 0x000002cdb75a06c0]
Event: 0.084 Thread 0x000002cdcd7b4000   91       3       java.lang.StringLatin1::newString (17 bytes)
Event: 0.084 Thread 0x000002cdcd7b4000 nmethod 91 0x000002cdb75a0b10 code [0x000002cdb75a0ce0, 0x000002cdb75a1010]
Event: 0.084 Thread 0x000002cdcd7b4000   93       3       java.lang.System::getSecurityManager (4 bytes)
Event: 0.084 Thread 0x000002cdcd7b4000 nmethod 93 0x000002cdb75a1110 code [0x000002cdb75a12c0, 0x000002cdb75a1418]
Event: 0.085 Thread 0x000002cdcd7a8000 nmethod 92 0x000002cdbeab6110 code [0x000002cdbeab62c0, 0x000002cdbeab6448]

GC Heap History (0 events):
No events

Deoptimization events (4 events):
Event: 0.072 Thread 0x000002cdb30c8800 Uncommon trap: trap_request=0xffffff4d fr.pc=0x000002cdbeab5244 relative=0x0000000000000224
Event: 0.072 Thread 0x000002cdb30c8800 Uncommon trap: reason=unstable_if action=reinterpret pc=0x000002cdbeab5244 method=java.lang.String.hashCode()I @ 14 c2
Event: 0.073 Thread 0x000002cdb30c8800 DEOPT PACKING pc=0x000002cdbeab5244 sp=0x000000e5891fd620
Event: 0.073 Thread 0x000002cdb30c8800 DEOPT UNPACKING pc=0x000002cdb702d8af sp=0x000000e5891fd5c8 mode 2

Classes redefined (0 events):
No events

Internal exceptions (0 events):
No events

Events (10 events):
Event: 0.079 loading class com/openalpr/jni/AlprException
Event: 0.079 loading class com/openalpr/jni/AlprException done
Event: 0.080 loading class java/lang/AssertionError
Event: 0.080 loading class java/lang/AssertionError done
Event: 0.080 loading class com/openalpr/jni/Alpr
Event: 0.080 loading class com/openalpr/jni/Alpr done
Event: 0.081 loading class com/openalpr/jni/json/JSONException
Event: 0.081 loading class com/openalpr/jni/json/JSONException done
Event: 0.082 loading class java/lang/ClassLoaderHelper
Event: 0.082 loading class java/lang/ClassLoaderHelper done


Dynamic libraries:
0x00007ff70ae40000 - 0x00007ff70ae87000 	C:\Program Files\JetBrains\IntelliJ IDEA Community Edition 2019.2.4\jbr\bin\java.exe
0x00007ffe69a80000 - 0x00007ffe69c70000 	C:\WINDOWS\SYSTEM32\ntdll.dll
0x00007ffe67ec0000 - 0x00007ffe67f72000 	C:\WINDOWS\System32\KERNEL32.DLL
0x00007ffe67370000 - 0x00007ffe67613000 	C:\WINDOWS\System32\KERNELBASE.dll
0x00007ffe695c0000 - 0x00007ffe69754000 	C:\WINDOWS\System32\USER32.dll
0x00007ffe672c0000 - 0x00007ffe672e1000 	C:\WINDOWS\System32\win32u.dll
0x00007ffe69220000 - 0x00007ffe69246000 	C:\WINDOWS\System32\GDI32.dll
0x00007ffe67890000 - 0x00007ffe67a24000 	C:\WINDOWS\System32\gdi32full.dll
0x00007ffe67620000 - 0x00007ffe676be000 	C:\WINDOWS\System32\msvcp_win.dll
0x00007ffe67a30000 - 0x00007ffe67b2a000 	C:\WINDOWS\System32\ucrtbase.dll
0x00007ffe537d0000 - 0x00007ffe53a55000 	C:\WINDOWS\WinSxS\amd64_microsoft.windows.common-controls_6595b64144ccf1df_6.0.18362.418_none_e6c6b287130d565d\COMCTL32.dll
0x00007ffe699a0000 - 0x00007ffe69a3e000 	C:\WINDOWS\System32\msvcrt.dll
0x00007ffe69280000 - 0x00007ffe695b6000 	C:\WINDOWS\System32\combase.dll
0x00007ffe68f70000 - 0x00007ffe69090000 	C:\WINDOWS\System32\RPCRT4.dll
0x00007ffe672f0000 - 0x00007ffe67370000 	C:\WINDOWS\System32\bcryptPrimitives.dll
0x00007ffe69250000 - 0x00007ffe6927e000 	C:\WINDOWS\System32\IMM32.DLL
0x00007ffe49aa0000 - 0x00007ffe49ab7000 	C:\Program Files\JetBrains\IntelliJ IDEA Community Edition 2019.2.4\jbr\bin\vcruntime140.dll
0x00007ffe3a2f0000 - 0x00007ffe3a38d000 	C:\Program Files\JetBrains\IntelliJ IDEA Community Edition 2019.2.4\jbr\bin\msvcp140.dll
0x00007ffe07740000 - 0x00007ffe081f8000 	C:\Program Files\JetBrains\IntelliJ IDEA Community Edition 2019.2.4\jbr\bin\server\jvm.dll
0x00007ffe67c90000 - 0x00007ffe67d33000 	C:\WINDOWS\System32\ADVAPI32.dll
0x00007ffe68770000 - 0x00007ffe68807000 	C:\WINDOWS\System32\sechost.dll
0x00007ffe698a0000 - 0x00007ffe698a8000 	C:\WINDOWS\System32\PSAPI.DLL
0x00007ffe64200000 - 0x00007ffe64224000 	C:\WINDOWS\SYSTEM32\WINMM.dll
0x00007ffe53a60000 - 0x00007ffe53a69000 	C:\WINDOWS\SYSTEM32\WSOCK32.dll
0x00007ffe60cd0000 - 0x00007ffe60cda000 	C:\WINDOWS\SYSTEM32\VERSION.dll
0x00007ffe69930000 - 0x00007ffe6999f000 	C:\WINDOWS\System32\WS2_32.dll
0x00007ffe64110000 - 0x00007ffe6413d000 	C:\WINDOWS\SYSTEM32\WINMMBASE.dll
0x00007ffe67840000 - 0x00007ffe6788a000 	C:\WINDOWS\System32\cfgmgr32.dll
0x00007ffe66960000 - 0x00007ffe66971000 	C:\WINDOWS\System32\kernel.appcore.dll
0x00007ffe60db0000 - 0x00007ffe60dc1000 	C:\Program Files\JetBrains\IntelliJ IDEA Community Edition 2019.2.4\jbr\bin\verify.dll
0x00007ffe65230000 - 0x00007ffe65424000 	C:\WINDOWS\SYSTEM32\DBGHELP.DLL
0x00007ffe53460000 - 0x00007ffe5348a000 	C:\WINDOWS\SYSTEM32\dbgcore.DLL
0x00007ffe5e640000 - 0x00007ffe5e669000 	C:\Program Files\JetBrains\IntelliJ IDEA Community Edition 2019.2.4\jbr\bin\java.dll
0x00007ffe50310000 - 0x00007ffe50348000 	C:\Program Files\JetBrains\IntelliJ IDEA Community Edition 2019.2.4\jbr\bin\jdwp.dll
0x00007ffe5e520000 - 0x00007ffe5e537000 	C:\Program Files\JetBrains\IntelliJ IDEA Community Edition 2019.2.4\jbr\bin\zip.dll
0x00007ffe626b0000 - 0x00007ffe626bb000 	C:\Program Files\JetBrains\IntelliJ IDEA Community Edition 2019.2.4\jbr\bin\jimage.dll
0x00007ffe67f80000 - 0x00007ffe68665000 	C:\WINDOWS\System32\SHELL32.dll
0x00007ffe690a0000 - 0x00007ffe69149000 	C:\WINDOWS\System32\shcore.dll
0x00007ffe66b40000 - 0x00007ffe672bf000 	C:\WINDOWS\System32\windows.storage.dll
0x00007ffe669d0000 - 0x00007ffe669ef000 	C:\WINDOWS\System32\profapi.dll
0x00007ffe66980000 - 0x00007ffe669ca000 	C:\WINDOWS\System32\powrprof.dll
0x00007ffe66950000 - 0x00007ffe66960000 	C:\WINDOWS\System32\UMPDC.dll
0x00007ffe698d0000 - 0x00007ffe69922000 	C:\WINDOWS\System32\shlwapi.dll
0x00007ffe66b20000 - 0x00007ffe66b37000 	C:\WINDOWS\System32\cryptsp.dll
0x00007ffe61240000 - 0x00007ffe6124b000 	C:\Program Files\JetBrains\IntelliJ IDEA Community Edition 2019.2.4\jbr\bin\dt_socket.dll
0x00007ffe66160000 - 0x00007ffe661c7000 	C:\WINDOWS\System32\mswsock.dll
0x00007ffe65eb0000 - 0x00007ffe65f7a000 	C:\WINDOWS\SYSTEM32\DNSAPI.dll
0x00007ffe69090000 - 0x00007ffe69098000 	C:\WINDOWS\System32\NSI.dll
0x00007ffe65e70000 - 0x00007ffe65eaa000 	C:\WINDOWS\SYSTEM32\IPHLPAPI.DLL
0x00007ffe5c060000 - 0x00007ffe5c0d7000 	C:\WINDOWS\System32\fwpuclnt.dll
0x00007ffe67810000 - 0x00007ffe67836000 	C:\WINDOWS\System32\bcrypt.dll
0x00007ffe567e0000 - 0x00007ffe567ea000 	C:\Windows\System32\rasadhlp.dll
0x00007ffe651e0000 - 0x00007ffe651ec000 	C:\Users\cwjvr\IdeaProjects\ALPR\openalprjni.dll
0x00007ffdf44e0000 - 0x00007ffdf4a38000 	C:\Users\cwjvr\IdeaProjects\ALPR\openalpr.dll
0x00007ffdf63d0000 - 0x00007ffdf66c6000 	C:\Users\cwjvr\IdeaProjects\ALPR\liblept170.dll
0x00007ffdf3760000 - 0x00007ffdf44df000 	C:\Users\cwjvr\IdeaProjects\ALPR\opencv_world300.dll
0x00007ffe67b30000 - 0x00007ffe67c86000 	C:\WINDOWS\System32\ole32.dll
0x00007ffe67df0000 - 0x00007ffe67eb4000 	C:\WINDOWS\System32\OLEAUT32.dll
0x00007ffe68810000 - 0x00007ffe688e0000 	C:\WINDOWS\System32\COMDLG32.dll
0x00007ffe61280000 - 0x00007ffe612a9000 	C:\WINDOWS\SYSTEM32\MSVFW32.dll
0x00007ffe64540000 - 0x00007ffe64560000 	C:\WINDOWS\SYSTEM32\AVIFIL32.dll
0x00007ffe644c0000 - 0x00007ffe644d8000 	C:\WINDOWS\SYSTEM32\AVICAP32.dll
0x00007ffe4aa80000 - 0x00007ffe4aad2000 	C:\WINDOWS\SYSTEM32\CONCRT140.dll
0x00007ffe499f0000 - 0x00007ffe49a0c000 	C:\WINDOWS\SYSTEM32\MSACM32.dll
0x00007ffe61250000 - 0x00007ffe61274000 	C:\WINDOWS\SYSTEM32\OpenCL.dll
0x00007ffe1ecd0000 - 0x00007ffe1ee55000 	C:\WINDOWS\System32\DriverStore\FileRepository\ki131191.inf_amd64_d668106cb6f2eae0\IntelOpenCL64.dll
0x00007ffe65650000 - 0x00007ffe6573b000 	C:\WINDOWS\SYSTEM32\dxgi.dll
0x00007ffe655c0000 - 0x00007ffe655e0000 	C:\WINDOWS\SYSTEM32\dxcore.dll
0x00007ffe13d20000 - 0x00007ffe13e9d000 	C:\Program Files (x86)\Common Files\Intel\OpenCL\bin\x64\intelocl64.dll
0x00007ffe49ce0000 - 0x00007ffe49d4c000 	C:\Program Files (x86)\Common Files\Intel\OpenCL\bin\x64\task_executor64.dll
0x00007ffe43230000 - 0x00007ffe43386000 	C:\WINDOWS\SYSTEM32\OPENGL32.dll
0x00007ffe50d90000 - 0x00007ffe50dbc000 	C:\WINDOWS\SYSTEM32\GLU32.dll
0x00007ffe49c60000 - 0x00007ffe49cd5000 	C:\Program Files (x86)\Common Files\Intel\OpenCL\bin\x64\cpu_device64.dll
0x00007ffdf5040000 - 0x00007ffdf5450000 	C:\WINDOWS\System32\DriverStore\FileRepository\ki131191.inf_amd64_d668106cb6f2eae0\igdrcl64.dll
0x00007ffe5bf10000 - 0x00007ffe5c02a000 	C:\WINDOWS\System32\DriverStore\FileRepository\ki131191.inf_amd64_d668106cb6f2eae0\igdgmm64.dll
0x00007ffe13240000 - 0x00007ffe13302000 	C:\WINDOWS\System32\DriverStore\FileRepository\ki131191.inf_amd64_d668106cb6f2eae0\igdfcl64.dll
0x00007ffe599d0000 - 0x00007ffe5b977000 	C:\WINDOWS\System32\DriverStore\FileRepository\ki131191.inf_amd64_d668106cb6f2eae0\igc64.dll

dbghelp: loaded successfully - version: 4.0.5 - missing functions: none
symbol engine: initialized successfully - sym options: 0x614 - pdb path: .;C:\Program Files\JetBrains\IntelliJ IDEA Community Edition 2019.2.4\jbr\bin;C:\WINDOWS\SYSTEM32;C:\WINDOWS\WinSxS\amd64_microsoft.windows.common-controls_6595b64144ccf1df_6.0.18362.418_none_e6c6b287130d565d;C:\Program Files\JetBrains\IntelliJ IDEA Community Edition 2019.2.4\jbr\bin\server;C:\Users\cwjvr\IdeaProjects\ALPR;C:\WINDOWS\System32\DriverStore\FileRepository\ki131191.inf_amd64_d668106cb6f2eae0;C:\Program Files (x86)\Common Files\Intel\OpenCL\bin\x64

VM Arguments:
jvm_args: -agentlib:jdwp=transport=dt_socket,server=n,suspend=y,address=64163 -Dfile.encoding=windows-1252 -Duser.country=ZA -Duser.language=en -Duser.variant 
java_command: OpenALPR_Test
java_class_path (initial): C:\Users\cwjvr\IdeaProjects\ALPR\build\classes\java\main;C:\Users\cwjvr\IdeaProjects\ALPR\build\resources\main;C:\Users\cwjvr\.gradle\caches\modules-2\files-2.1\mysql\mysql-connector-java\8.0.18\e088efaa4b568bc7d9f7274b9c5ea1a00da1a45c\mysql-connector-java-8.0.18.jar;C:\Users\cwjvr\.gradle\caches\modules-2\files-2.1\com.google.protobuf\protobuf-java\3.6.1\d06d46ecfd92ec6d0f3b423b4cd81cb38d8b924\protobuf-java-3.6.1.jar
Launcher Type: SUN_STANDARD

[Global flags]
     intx CICompilerCount                          = 3                                         {product} {ergonomic}
     uint ConcGCThreads                            = 1                                         {product} {ergonomic}
     uint G1ConcRefinementThreads                  = 4                                         {product} {ergonomic}
   size_t G1HeapRegionSize                         = 1048576                                   {product} {ergonomic}
    uintx GCDrainStackTargetSize                   = 64                                        {product} {ergonomic}
   size_t InitialHeapSize                          = 134217728                                 {product} {ergonomic}
   size_t MarkStackSize                            = 4194304                                   {product} {ergonomic}
   size_t MaxHeapSize                              = 2126512128                                {product} {ergonomic}
   size_t MaxNewSize                               = 1275068416                                {product} {ergonomic}
   size_t MinHeapDeltaBytes                        = 1048576                                   {product} {ergonomic}
    uintx NonNMethodCodeHeapSize                   = 5830092                                {pd product} {ergonomic}
    uintx NonProfiledCodeHeapSize                  = 122914074                              {pd product} {ergonomic}
    uintx ProfiledCodeHeapSize                     = 122914074                              {pd product} {ergonomic}
    uintx ReservedCodeCacheSize                    = 251658240                              {pd product} {ergonomic}
     bool SegmentedCodeCache                       = true                                      {product} {ergonomic}
     bool UseCompressedClassPointers               = true                                 {lp64_product} {ergonomic}
     bool UseCompressedOops                        = true                                 {lp64_product} {ergonomic}
     bool UseG1GC                                  = true                                      {product} {ergonomic}
     bool UseLargePagesIndividualAllocation        = false                                  {pd product} {ergonomic}

Logging:
Log output configuration:
 #0: stdout all=warning uptime,level,tags
 #1: stderr all=off uptime,level,tags

Environment Variables:
JAVA_HOME=C:\Program Files\Java\jdk1.8.0_201\bin
PATH=C:\Program Files (x86)\Common Files\Oracle\Java\javapath;C:\Python27\;C:\Python27\Scripts;C:\Program Files (x86)\NVIDIA Corporation\PhysX\Common;C:\Program Files (x86)\Intel\iCLS Client\;C:\Program Files\Intel\iCLS Client\;C:\WINDOWS\system32;C:\WINDOWS;C:\WINDOWS\System32\Wbem;C:\WINDOWS\System32\WindowsPowerShell\v1.0\;C:\Program Files (x86)\Intel\Intel(R) Management Engine Components\DAL;C:\Program Files\Intel\Intel(R) Management Engine Components\DAL;C:\Program Files (x86)\Intel\Intel(R) Management Engine Components\IPT;C:\Program Files\Intel\Intel(R) Management Engine Components\IPT;C:\Program Files\Intel\WiFi\bin\;C:\Program Files\Common Files\Intel\WirelessCommon\;C:\WINDOWS\System32\OpenSSH\;C:\Program Files\dotnet\;C:\Program Files\Microsoft SQL Server\130\Tools\Binn\;C:\Program Files (x86)\Microsoft SQL Server\Client SDK\ODBC\130\Tools\Binn\;C:\Program Files (x86)\Microsoft SQL Server\140\Tools\Binn\;C:\Program Files (x86)\Microsoft SQL Server\140\DTS\Binn\;C:\Program Files (x86)\Microsoft SQL Server\140\Tools\Binn\ManagementStudio\;C:\Program Files\PuTTY\;C:\Program Files\TortoiseGit\bin;C:\Program Files\Git\cmd;C:\Users\cwjvr\AppData\Local\Programs\Python\Python37-32;C:\Users\cwjvr\AppData\Local\Programs\Python\Python37-32\Scripts;C:\Program Files\nodejs\;C:\ProgramData\chocolatey\bin;C:\Program Files\Microsoft VS Code\bin;C:\Program Files\Java\jdk1.8.0_201\bin;C:\Program Files\MySQL\MySQL Shell 8.0\bin\;C:\Users\cwjvr\AppData\Local\Programs\Python\Python37\Scripts\;C:\Users\cwjvr\AppData\Local\Programs\Python\Python37\;C:\Users\cwjvr\AppData\Local\Microsoft\WindowsApps;;C:\Program Files\Microsoft VS Code\bin;C:\Users\cwjvr\AppData\Roaming\npm;C:\Program Files\JetBrains\IntelliJ IDEA Community Edition 2019.2.4\bin;
USERNAME=Michael
OS=Windows_NT
PROCESSOR_IDENTIFIER=Intel64 Family 6 Model 142 Stepping 9, GenuineIntel



---------------  S Y S T E M  ---------------

OS: Windows 10 , 64 bit Build 18362 (10.0.18362.329)

CPU:total 4 (initial active 4) (2 cores per cpu, 2 threads per core) family 6 model 142 stepping 9, cmov, cx8, fxsr, mmx, sse, sse2, sse3, ssse3, sse4.1, sse4.2, popcnt, avx, avx2, aes, clmul, erms, 3dnowpref, lzcnt, ht, tsc, tscinvbit, bmi1, bmi2, adx, fma

Memory: 4k page, system-wide physical 8107M (2124M free)
TotalPageFile size 16215M (AvailPageFile size 6485M)
current process WorkingSet (physical memory assigned to process): 64M, peak: 74M
current process commit charge ("private bytes"): 235M, peak: 248M

vm_info: OpenJDK 64-Bit Server VM (11.0.4+10-b304.77) for windows-amd64 JRE (11.0.4+10-b304.77), built on Oct 10 2019 15:02:36 by "" with MS VC++ 14.0 (VS2015)

END.
