#
# A fatal error has been detected by the Java Runtime Environment:
#
#  EXCEPTION_ACCESS_VIOLATION (0xc0000005) at pc=0x00007ffe528f48f5, pid=11540, tid=2088
#
# JRE version: OpenJDK Runtime Environment (11.0.4+10) (build 11.0.4+10-b304.77)
# Java VM: OpenJDK 64-Bit Server VM (11.0.4+10-b304.77, mixed mode, sharing, tiered, compressed oops, g1 gc, windows-amd64)
# Problematic frame:
# C  [openalpr.dll+0x548f5]
#
# No core dump will be written. Minidumps are not enabled by default on client versions of Windows
#
# If you would like to submit a bug report, please visit:
#   http://bugreport.java.com/bugreport/crash.jsp
# The crash happened outside the Java Virtual Machine in native code.
# See problematic frame for where to report the bug.
#

---------------  S U M M A R Y ------------

Command Line: -javaagent:C:\Program Files\JetBrains\IntelliJ IDEA Community Edition 2019.2.4\lib\idea_rt.jar=50522:C:\Program Files\JetBrains\IntelliJ IDEA Community Edition 2019.2.4\bin -Dfile.encoding=UTF-8 OpenALPR_Test

Host: Intel(R) Core(TM) i7-7500U CPU @ 2.70GHz, 4 cores, 7G,  Windows 10 , 64 bit Build 18362 (10.0.18362.329)
Time: Mon Nov 18 08:26:38 2019 South Africa Standard Time elapsed time: 0 seconds (0d 0h 0m 0s)

---------------  T H R E A D  ---------------

Current thread (0x000001f60383d000):  JavaThread "main" [_thread_in_native, id=2088, stack(0x000000452da00000,0x000000452db00000)]

Stack: [0x000000452da00000,0x000000452db00000],  sp=0x000000452dafe350,  free space=1016k
Native frames: (J=compiled Java code, j=interpreted, Vv=VM code, C=native code)
C  [openalpr.dll+0x548f5]

Java frames: (J=compiled Java code, j=interpreted, Vv=VM code)
j  com.openalpr.jni.Alpr.native_recognize([B)Ljava/lang/String;+0
j  com.openalpr.jni.Alpr.recognize([B)Lcom/openalpr/jni/AlprResults;+2
j  OpenALPR_Test.main([Ljava/lang/String;)V+67
v  ~StubRoutines::call_stub

siginfo: EXCEPTION_ACCESS_VIOLATION (0xc0000005), reading address 0x0000000000000008


Register to memory mapping:

RIP=0x00007ffe528f48f5 openalpr.dll
RAX=0x00001665021b60cf is an unknown value
RBX=0x000000452dafec30 is pointing into the stack for thread: 0x000001f60383d000
RCX=0x0 is NULL
RDX=0x000000452dafee70 is pointing into the stack for thread: 0x000001f60383d000
RSP=0x000000452dafe350 is pointing into the stack for thread: 0x000001f60383d000
RBP=0x000000452dafe450 is pointing into the stack for thread: 0x000001f60383d000
RSI=0x0 is NULL
RDI=0x000000452dafee70 is pointing into the stack for thread: 0x000001f60383d000
R8 =0x000000452dafec30 is pointing into the stack for thread: 0x000001f60383d000
R9 =0x000000452dafe608 is pointing into the stack for thread: 0x000001f60383d000
R10=0x0 is NULL
R11=0x000000452dafe490 is pointing into the stack for thread: 0x000001f60383d000
R12=0x0 is NULL
R13=0x0 is NULL
R14=0x000000452daff120 is pointing into the stack for thread: 0x000001f60383d000
R15=0x000001f61e2d5630 points into unknown readable memory: 10 eb a7 52 fe 7f 00 00


Registers:
RAX=0x00001665021b60cf, RBX=0x000000452dafec30, RCX=0x0000000000000000, RDX=0x000000452dafee70
RSP=0x000000452dafe350, RBP=0x000000452dafe450, RSI=0x0000000000000000, RDI=0x000000452dafee70
R8 =0x000000452dafec30, R9 =0x000000452dafe608, R10=0x0000000000000000, R11=0x000000452dafe490
R12=0x0000000000000000, R13=0x0000000000000000, R14=0x000000452daff120, R15=0x000001f61e2d5630
RIP=0x00007ffe528f48f5, EFLAGS=0x0000000000010246

Top of Stack: (sp=0x000000452dafe350)
0x000000452dafe350:   0000000000000020 000001f601750d20
0x000000452dafe360:   000a9724000a8401 0000000000000000
0x000000452dafe370:   0000000000000010 0000000000000000
0x000000452dafe380:   0000000000000000 0000000000000002
0x000000452dafe390:   0000000000000020 000000452dafe459
0x000000452dafe3a0:   000001f601650000 00007ffeca5fba17
0x000000452dafe3b0:   000001f600000000 000c3c2600000002
0x000000452dafe3c0:   0000000000000010 000c88b200000000
0x000000452dafe3d0:   000caef8000c9bd5 000cd53e000cc21b
0x000000452dafe3e0:   000001f61ffc2a80 000d21ca000d0ea7
0x000000452dafe3f0:   000d4810000d34ed 000d6e56000d5b33
0x000000452dafe400:   0000000000000000 000dbae2000da7bf
0x000000452dafe410:   000de128000dce05 000e076e000df44b
0x000000452dafe420:   000e2db4000e1a91 000e53fa000e40d7
0x000000452dafe430:   fffffffffffffffe 000000452dafee70
0x000000452dafe440:   000000452dafec30 000eed12000ed9ef 

Instructions: (pc=0x00007ffe528f48f5)
0x00007ffe528f47f5:   94 00 00 00 ff 15 d9 79 18 00 48 8b c8 48 8d 15
0x00007ffe528f4805:   af ea 18 00 e8 d2 7f fb ff 48 8b c8 f3 0f 10 8f
0x00007ffe528f4815:   98 00 00 00 ff 15 b9 79 18 00 48 8b c8 48 8d 15
0x00007ffe528f4825:   8f ea 18 00 e8 b2 7f fb ff 48 8b c8 f3 0f 10 8f
0x00007ffe528f4835:   8c 00 00 00 ff 15 99 79 18 00 48 8b c8 48 8d 15
0x00007ffe528f4845:   6f ea 18 00 e8 92 7f fb ff 48 8b c8 f3 0f 10 8f
0x00007ffe528f4855:   90 00 00 00 ff 15 79 79 18 00 48 8b d3 48 8d 4c
0x00007ffe528f4865:   24 30 e8 34 66 fc ff 90 48 8d 8c 24 c8 00 00 00
0x00007ffe528f4875:   e8 a6 d7 fb ff 48 8d 8c 24 c8 00 00 00 ff 15 68
0x00007ffe528f4885:   7a 18 00 48 8b c3 4c 8d 9c 24 30 01 00 00 49 8b
0x00007ffe528f4895:   5b 18 49 8b 73 20 49 8b e3 5f c3 48 8b c4 55 53
0x00007ffe528f48a5:   56 57 41 54 41 56 41 57 48 8d a8 b8 fe ff ff 48
0x00007ffe528f48b5:   81 ec 10 02 00 00 48 c7 45 e0 fe ff ff ff 0f 29
0x00007ffe528f48c5:   70 b8 0f 29 78 a8 48 8b 05 1e 0a 25 00 48 33 c4
0x00007ffe528f48d5:   48 89 85 e0 00 00 00 49 8b d8 48 8b fa 48 8b f1
0x00007ffe528f48e5:   48 89 55 e8 48 89 5d f0 45 33 e4 44 89 64 24 60
0x00007ffe528f48f5:   44 38 61 08 75 63 48 8b 41 10 44 38 a0 fa 01 00
0x00007ffe528f4905:   00 74 23 48 8d 15 e1 e9 18 00 48 8b 0d ea 78 18
0x00007ffe528f4915:   00 e8 c5 7e fb ff 48 8b c8 48 8d 15 9b 84 fb ff
0x00007ffe528f4925:   ff 15 9d 79 18 00 48 8b d3 48 8b cf e8 0a 72 fd
0x00007ffe528f4935:   ff c7 44 24 60 01 00 00 00 48 8b cb e8 8a 5b fc
0x00007ffe528f4945:   ff 48 8b 4b 48 48 8d 53 50 48 3b ca 74 06 e8 0c
0x00007ffe528f4955:   8a 03 00 90 e9 03 03 00 00 66 41 0f 6e 50 0c 0f
0x00007ffe528f4965:   5b d2 f3 0f 10 49 78 f3 0f 5e ca 66 41 0f 6e 58
0x00007ffe528f4975:   08 0f 5b db f3 0f 10 41 7c f3 0f 5e c3 0f 28 f9
0x00007ffe528f4985:   f3 0f 59 b9 80 00 00 00 0f 28 f1 f3 0f 59 b1 84
0x00007ffe528f4995:   00 00 00 f3 0f 10 a9 94 00 00 00 f3 0f 5e e9 f3
0x00007ffe528f49a5:   0f 10 a1 98 00 00 00 f3 0f 5e e0 f3 0f 10 81 90
0x00007ffe528f49b5:   00 00 00 f3 0f 11 44 24 50 f3 0f 10 89 8c 00 00
0x00007ffe528f49c5:   00 f3 0f 11 4c 24 48 f3 0f 11 64 24 40 f3 0f 11
0x00007ffe528f49d5:   6c 24 38 f3 0f 10 81 88 00 00 00 f3 0f 11 44 24
0x00007ffe528f49e5:   30 f3 0f 11 74 24 28 f3 0f 11 7c 24 20 48 8d 95 


Stack slot to memory mapping:
stack at sp + 0 slots: 0x0000000000000020 is an unknown value
stack at sp + 1 slots: 0x000001f601750d20 points into unknown readable memory: 14 00 1c 00 00 00 00 00
stack at sp + 2 slots: 0x000a9724000a8401 is an unknown value
stack at sp + 3 slots: 0x0 is NULL
stack at sp + 4 slots: 0x0000000000000010 is an unknown value
stack at sp + 5 slots: 0x0 is NULL
stack at sp + 6 slots: 0x0 is NULL
stack at sp + 7 slots: 0x0000000000000002 is an unknown value


---------------  P R O C E S S  ---------------

Threads class SMR info:
_java_thread_list=0x000001f61e2ea3f0, length=11, elements={
0x000001f60383d000, 0x000001f61d6fe000, 0x000001f61d6ff800, 0x000001f61d714800,
0x000001f61d717000, 0x000001f61d719800, 0x000001f61d721000, 0x000001f61d736000,
0x000001f61d6de800, 0x000001f61e2dd000, 0x000001f61e2de000
}

Java Threads: ( => current thread )
=>0x000001f60383d000 JavaThread "main" [_thread_in_native, id=2088, stack(0x000000452da00000,0x000000452db00000)]
  0x000001f61d6fe000 JavaThread "Reference Handler" daemon [_thread_blocked, id=2684, stack(0x000000452e100000,0x000000452e200000)]
  0x000001f61d6ff800 JavaThread "Finalizer" daemon [_thread_blocked, id=11172, stack(0x000000452e200000,0x000000452e300000)]
  0x000001f61d714800 JavaThread "Signal Dispatcher" daemon [_thread_blocked, id=3024, stack(0x000000452e400000,0x000000452e500000)]
  0x000001f61d717000 JavaThread "Attach Listener" daemon [_thread_blocked, id=13832, stack(0x000000452e500000,0x000000452e600000)]
  0x000001f61d719800 JavaThread "C2 CompilerThread0" daemon [_thread_blocked, id=14356, stack(0x000000452e600000,0x000000452e700000)]
  0x000001f61d721000 JavaThread "C1 CompilerThread0" daemon [_thread_blocked, id=9748, stack(0x000000452e700000,0x000000452e800000)]
  0x000001f61d736000 JavaThread "Sweeper thread" daemon [_thread_blocked, id=4568, stack(0x000000452e800000,0x000000452e900000)]
  0x000001f61d6de800 JavaThread "Common-Cleaner" daemon [_thread_blocked, id=1240, stack(0x000000452e900000,0x000000452ea00000)]
  0x000001f61e2dd000 JavaThread "Monitor Ctrl-Break" daemon [_thread_in_native, id=13632, stack(0x000000452ea00000,0x000000452eb00000)]
  0x000001f61e2de000 JavaThread "Service Thread" daemon [_thread_blocked, id=2536, stack(0x000000452eb00000,0x000000452ec00000)]

Other Threads:
  0x000001f61d6f7800 VMThread "VM Thread" [stack: 0x000000452e000000,0x000000452e100000] [id=14168]
  0x000001f61e21a000 WatcherThread [stack: 0x000000452ec00000,0x000000452ed00000] [id=13752]
  0x000001f603852800 GCTaskThread "GC Thread#0" [stack: 0x000000452db00000,0x000000452dc00000] [id=13748]
  0x000001f603882800 ConcurrentGCThread "G1 Main Marker" [stack: 0x000000452dc00000,0x000000452dd00000] [id=14616]
  0x000001f603884000 ConcurrentGCThread "G1 Conc#0" [stack: 0x000000452dd00000,0x000000452de00000] [id=10488]
  0x000001f603906800 ConcurrentGCThread "G1 Refine#0" [stack: 0x000000452de00000,0x000000452df00000] [id=15304]
  0x000001f61d590800 ConcurrentGCThread "G1 Young RemSet Sampling" [stack: 0x000000452df00000,0x000000452e000000] [id=16080]

Threads with active compile tasks:

VM state:not at safepoint (normal execution)

VM Mutex/Monitor currently owned by a thread: None

Heap address: 0x0000000081400000, size: 2028 MB, Compressed Oops mode: 32-bit
Narrow klass base: 0x0000000800000000, Narrow klass shift: 3
Compressed class space size: 1073741824 Address: 0x0000000840000000

Heap:
 garbage-first heap   total 131072K, used 3072K [0x0000000081400000, 0x0000000100000000)
  region size 1024K, 4 young (4096K), 0 survivors (0K)
 Metaspace       used 1275K, capacity 4660K, committed 4864K, reserved 1056768K
  class space    used 120K, capacity 424K, committed 512K, reserved 1048576K
Heap Regions: E=young(eden), S=young(survivor), O=old, HS=humongous(starts), HC=humongous(continues), CS=collection set, F=free, A=archive, TAMS=top-at-mark-start (previous, next)
|   0|0x0000000081400000, 0x0000000081400000, 0x0000000081500000|  0%| F|  |TAMS 0x0000000081400000, 0x0000000081400000| Untracked 
|   1|0x0000000081500000, 0x0000000081500000, 0x0000000081600000|  0%| F|  |TAMS 0x0000000081500000, 0x0000000081500000| Untracked 
|   2|0x0000000081600000, 0x0000000081600000, 0x0000000081700000|  0%| F|  |TAMS 0x0000000081600000, 0x0000000081600000| Untracked 
|   3|0x0000000081700000, 0x0000000081700000, 0x0000000081800000|  0%| F|  |TAMS 0x0000000081700000, 0x0000000081700000| Untracked 
|   4|0x0000000081800000, 0x0000000081800000, 0x0000000081900000|  0%| F|  |TAMS 0x0000000081800000, 0x0000000081800000| Untracked 
|   5|0x0000000081900000, 0x0000000081900000, 0x0000000081a00000|  0%| F|  |TAMS 0x0000000081900000, 0x0000000081900000| Untracked 
|   6|0x0000000081a00000, 0x0000000081a00000, 0x0000000081b00000|  0%| F|  |TAMS 0x0000000081a00000, 0x0000000081a00000| Untracked 
|   7|0x0000000081b00000, 0x0000000081b00000, 0x0000000081c00000|  0%| F|  |TAMS 0x0000000081b00000, 0x0000000081b00000| Untracked 
|   8|0x0000000081c00000, 0x0000000081c00000, 0x0000000081d00000|  0%| F|  |TAMS 0x0000000081c00000, 0x0000000081c00000| Untracked 
|   9|0x0000000081d00000, 0x0000000081d00000, 0x0000000081e00000|  0%| F|  |TAMS 0x0000000081d00000, 0x0000000081d00000| Untracked 
|  10|0x0000000081e00000, 0x0000000081e00000, 0x0000000081f00000|  0%| F|  |TAMS 0x0000000081e00000, 0x0000000081e00000| Untracked 
|  11|0x0000000081f00000, 0x0000000081f00000, 0x0000000082000000|  0%| F|  |TAMS 0x0000000081f00000, 0x0000000081f00000| Untracked 
|  12|0x0000000082000000, 0x0000000082000000, 0x0000000082100000|  0%| F|  |TAMS 0x0000000082000000, 0x0000000082000000| Untracked 
|  13|0x0000000082100000, 0x0000000082100000, 0x0000000082200000|  0%| F|  |TAMS 0x0000000082100000, 0x0000000082100000| Untracked 
|  14|0x0000000082200000, 0x0000000082200000, 0x0000000082300000|  0%| F|  |TAMS 0x0000000082200000, 0x0000000082200000| Untracked 
|  15|0x0000000082300000, 0x0000000082300000, 0x0000000082400000|  0%| F|  |TAMS 0x0000000082300000, 0x0000000082300000| Untracked 
|  16|0x0000000082400000, 0x0000000082400000, 0x0000000082500000|  0%| F|  |TAMS 0x0000000082400000, 0x0000000082400000| Untracked 
|  17|0x0000000082500000, 0x0000000082500000, 0x0000000082600000|  0%| F|  |TAMS 0x0000000082500000, 0x0000000082500000| Untracked 
|  18|0x0000000082600000, 0x0000000082600000, 0x0000000082700000|  0%| F|  |TAMS 0x0000000082600000, 0x0000000082600000| Untracked 
|  19|0x0000000082700000, 0x0000000082700000, 0x0000000082800000|  0%| F|  |TAMS 0x0000000082700000, 0x0000000082700000| Untracked 
|  20|0x0000000082800000, 0x0000000082800000, 0x0000000082900000|  0%| F|  |TAMS 0x0000000082800000, 0x0000000082800000| Untracked 
|  21|0x0000000082900000, 0x0000000082900000, 0x0000000082a00000|  0%| F|  |TAMS 0x0000000082900000, 0x0000000082900000| Untracked 
|  22|0x0000000082a00000, 0x0000000082a00000, 0x0000000082b00000|  0%| F|  |TAMS 0x0000000082a00000, 0x0000000082a00000| Untracked 
|  23|0x0000000082b00000, 0x0000000082b00000, 0x0000000082c00000|  0%| F|  |TAMS 0x0000000082b00000, 0x0000000082b00000| Untracked 
|  24|0x0000000082c00000, 0x0000000082c00000, 0x0000000082d00000|  0%| F|  |TAMS 0x0000000082c00000, 0x0000000082c00000| Untracked 
|  25|0x0000000082d00000, 0x0000000082d00000, 0x0000000082e00000|  0%| F|  |TAMS 0x0000000082d00000, 0x0000000082d00000| Untracked 
|  26|0x0000000082e00000, 0x0000000082e00000, 0x0000000082f00000|  0%| F|  |TAMS 0x0000000082e00000, 0x0000000082e00000| Untracked 
|  27|0x0000000082f00000, 0x0000000082f00000, 0x0000000083000000|  0%| F|  |TAMS 0x0000000082f00000, 0x0000000082f00000| Untracked 
|  28|0x0000000083000000, 0x0000000083000000, 0x0000000083100000|  0%| F|  |TAMS 0x0000000083000000, 0x0000000083000000| Untracked 
|  29|0x0000000083100000, 0x0000000083100000, 0x0000000083200000|  0%| F|  |TAMS 0x0000000083100000, 0x0000000083100000| Untracked 
|  30|0x0000000083200000, 0x0000000083200000, 0x0000000083300000|  0%| F|  |TAMS 0x0000000083200000, 0x0000000083200000| Untracked 
|  31|0x0000000083300000, 0x0000000083300000, 0x0000000083400000|  0%| F|  |TAMS 0x0000000083300000, 0x0000000083300000| Untracked 
|  32|0x0000000083400000, 0x0000000083400000, 0x0000000083500000|  0%| F|  |TAMS 0x0000000083400000, 0x0000000083400000| Untracked 
|  33|0x0000000083500000, 0x0000000083500000, 0x0000000083600000|  0%| F|  |TAMS 0x0000000083500000, 0x0000000083500000| Untracked 
|  34|0x0000000083600000, 0x0000000083600000, 0x0000000083700000|  0%| F|  |TAMS 0x0000000083600000, 0x0000000083600000| Untracked 
|  35|0x0000000083700000, 0x0000000083700000, 0x0000000083800000|  0%| F|  |TAMS 0x0000000083700000, 0x0000000083700000| Untracked 
|  36|0x0000000083800000, 0x0000000083800000, 0x0000000083900000|  0%| F|  |TAMS 0x0000000083800000, 0x0000000083800000| Untracked 
|  37|0x0000000083900000, 0x0000000083900000, 0x0000000083a00000|  0%| F|  |TAMS 0x0000000083900000, 0x0000000083900000| Untracked 
|  38|0x0000000083a00000, 0x0000000083a00000, 0x0000000083b00000|  0%| F|  |TAMS 0x0000000083a00000, 0x0000000083a00000| Untracked 
|  39|0x0000000083b00000, 0x0000000083b00000, 0x0000000083c00000|  0%| F|  |TAMS 0x0000000083b00000, 0x0000000083b00000| Untracked 
|  40|0x0000000083c00000, 0x0000000083c00000, 0x0000000083d00000|  0%| F|  |TAMS 0x0000000083c00000, 0x0000000083c00000| Untracked 
|  41|0x0000000083d00000, 0x0000000083d00000, 0x0000000083e00000|  0%| F|  |TAMS 0x0000000083d00000, 0x0000000083d00000| Untracked 
|  42|0x0000000083e00000, 0x0000000083e00000, 0x0000000083f00000|  0%| F|  |TAMS 0x0000000083e00000, 0x0000000083e00000| Untracked 
|  43|0x0000000083f00000, 0x0000000083f00000, 0x0000000084000000|  0%| F|  |TAMS 0x0000000083f00000, 0x0000000083f00000| Untracked 
|  44|0x0000000084000000, 0x0000000084000000, 0x0000000084100000|  0%| F|  |TAMS 0x0000000084000000, 0x0000000084000000| Untracked 
|  45|0x0000000084100000, 0x0000000084100000, 0x0000000084200000|  0%| F|  |TAMS 0x0000000084100000, 0x0000000084100000| Untracked 
|  46|0x0000000084200000, 0x0000000084200000, 0x0000000084300000|  0%| F|  |TAMS 0x0000000084200000, 0x0000000084200000| Untracked 
|  47|0x0000000084300000, 0x0000000084300000, 0x0000000084400000|  0%| F|  |TAMS 0x0000000084300000, 0x0000000084300000| Untracked 
|  48|0x0000000084400000, 0x0000000084400000, 0x0000000084500000|  0%| F|  |TAMS 0x0000000084400000, 0x0000000084400000| Untracked 
|  49|0x0000000084500000, 0x0000000084500000, 0x0000000084600000|  0%| F|  |TAMS 0x0000000084500000, 0x0000000084500000| Untracked 
|  50|0x0000000084600000, 0x0000000084600000, 0x0000000084700000|  0%| F|  |TAMS 0x0000000084600000, 0x0000000084600000| Untracked 
|  51|0x0000000084700000, 0x0000000084700000, 0x0000000084800000|  0%| F|  |TAMS 0x0000000084700000, 0x0000000084700000| Untracked 
|  52|0x0000000084800000, 0x0000000084800000, 0x0000000084900000|  0%| F|  |TAMS 0x0000000084800000, 0x0000000084800000| Untracked 
|  53|0x0000000084900000, 0x0000000084900000, 0x0000000084a00000|  0%| F|  |TAMS 0x0000000084900000, 0x0000000084900000| Untracked 
|  54|0x0000000084a00000, 0x0000000084a00000, 0x0000000084b00000|  0%| F|  |TAMS 0x0000000084a00000, 0x0000000084a00000| Untracked 
|  55|0x0000000084b00000, 0x0000000084b00000, 0x0000000084c00000|  0%| F|  |TAMS 0x0000000084b00000, 0x0000000084b00000| Untracked 
|  56|0x0000000084c00000, 0x0000000084c00000, 0x0000000084d00000|  0%| F|  |TAMS 0x0000000084c00000, 0x0000000084c00000| Untracked 
|  57|0x0000000084d00000, 0x0000000084d00000, 0x0000000084e00000|  0%| F|  |TAMS 0x0000000084d00000, 0x0000000084d00000| Untracked 
|  58|0x0000000084e00000, 0x0000000084e00000, 0x0000000084f00000|  0%| F|  |TAMS 0x0000000084e00000, 0x0000000084e00000| Untracked 
|  59|0x0000000084f00000, 0x0000000084f00000, 0x0000000085000000|  0%| F|  |TAMS 0x0000000084f00000, 0x0000000084f00000| Untracked 
|  60|0x0000000085000000, 0x0000000085000000, 0x0000000085100000|  0%| F|  |TAMS 0x0000000085000000, 0x0000000085000000| Untracked 
|  61|0x0000000085100000, 0x0000000085100000, 0x0000000085200000|  0%| F|  |TAMS 0x0000000085100000, 0x0000000085100000| Untracked 
|  62|0x0000000085200000, 0x0000000085200000, 0x0000000085300000|  0%| F|  |TAMS 0x0000000085200000, 0x0000000085200000| Untracked 
|  63|0x0000000085300000, 0x0000000085300000, 0x0000000085400000|  0%| F|  |TAMS 0x0000000085300000, 0x0000000085300000| Untracked 
|  64|0x0000000085400000, 0x0000000085400000, 0x0000000085500000|  0%| F|  |TAMS 0x0000000085400000, 0x0000000085400000| Untracked 
|  65|0x0000000085500000, 0x0000000085500000, 0x0000000085600000|  0%| F|  |TAMS 0x0000000085500000, 0x0000000085500000| Untracked 
|  66|0x0000000085600000, 0x0000000085600000, 0x0000000085700000|  0%| F|  |TAMS 0x0000000085600000, 0x0000000085600000| Untracked 
|  67|0x0000000085700000, 0x0000000085700000, 0x0000000085800000|  0%| F|  |TAMS 0x0000000085700000, 0x0000000085700000| Untracked 
|  68|0x0000000085800000, 0x0000000085800000, 0x0000000085900000|  0%| F|  |TAMS 0x0000000085800000, 0x0000000085800000| Untracked 
|  69|0x0000000085900000, 0x0000000085900000, 0x0000000085a00000|  0%| F|  |TAMS 0x0000000085900000, 0x0000000085900000| Untracked 
|  70|0x0000000085a00000, 0x0000000085a00000, 0x0000000085b00000|  0%| F|  |TAMS 0x0000000085a00000, 0x0000000085a00000| Untracked 
|  71|0x0000000085b00000, 0x0000000085b00000, 0x0000000085c00000|  0%| F|  |TAMS 0x0000000085b00000, 0x0000000085b00000| Untracked 
|  72|0x0000000085c00000, 0x0000000085c00000, 0x0000000085d00000|  0%| F|  |TAMS 0x0000000085c00000, 0x0000000085c00000| Untracked 
|  73|0x0000000085d00000, 0x0000000085d00000, 0x0000000085e00000|  0%| F|  |TAMS 0x0000000085d00000, 0x0000000085d00000| Untracked 
|  74|0x0000000085e00000, 0x0000000085e00000, 0x0000000085f00000|  0%| F|  |TAMS 0x0000000085e00000, 0x0000000085e00000| Untracked 
|  75|0x0000000085f00000, 0x0000000085f00000, 0x0000000086000000|  0%| F|  |TAMS 0x0000000085f00000, 0x0000000085f00000| Untracked 
|  76|0x0000000086000000, 0x0000000086000000, 0x0000000086100000|  0%| F|  |TAMS 0x0000000086000000, 0x0000000086000000| Untracked 
|  77|0x0000000086100000, 0x0000000086100000, 0x0000000086200000|  0%| F|  |TAMS 0x0000000086100000, 0x0000000086100000| Untracked 
|  78|0x0000000086200000, 0x0000000086200000, 0x0000000086300000|  0%| F|  |TAMS 0x0000000086200000, 0x0000000086200000| Untracked 
|  79|0x0000000086300000, 0x0000000086300000, 0x0000000086400000|  0%| F|  |TAMS 0x0000000086300000, 0x0000000086300000| Untracked 
|  80|0x0000000086400000, 0x0000000086400000, 0x0000000086500000|  0%| F|  |TAMS 0x0000000086400000, 0x0000000086400000| Untracked 
|  81|0x0000000086500000, 0x0000000086500000, 0x0000000086600000|  0%| F|  |TAMS 0x0000000086500000, 0x0000000086500000| Untracked 
|  82|0x0000000086600000, 0x0000000086600000, 0x0000000086700000|  0%| F|  |TAMS 0x0000000086600000, 0x0000000086600000| Untracked 
|  83|0x0000000086700000, 0x0000000086700000, 0x0000000086800000|  0%| F|  |TAMS 0x0000000086700000, 0x0000000086700000| Untracked 
|  84|0x0000000086800000, 0x0000000086800000, 0x0000000086900000|  0%| F|  |TAMS 0x0000000086800000, 0x0000000086800000| Untracked 
|  85|0x0000000086900000, 0x0000000086900000, 0x0000000086a00000|  0%| F|  |TAMS 0x0000000086900000, 0x0000000086900000| Untracked 
|  86|0x0000000086a00000, 0x0000000086a00000, 0x0000000086b00000|  0%| F|  |TAMS 0x0000000086a00000, 0x0000000086a00000| Untracked 
|  87|0x0000000086b00000, 0x0000000086b00000, 0x0000000086c00000|  0%| F|  |TAMS 0x0000000086b00000, 0x0000000086b00000| Untracked 
|  88|0x0000000086c00000, 0x0000000086c00000, 0x0000000086d00000|  0%| F|  |TAMS 0x0000000086c00000, 0x0000000086c00000| Untracked 
|  89|0x0000000086d00000, 0x0000000086d00000, 0x0000000086e00000|  0%| F|  |TAMS 0x0000000086d00000, 0x0000000086d00000| Untracked 
|  90|0x0000000086e00000, 0x0000000086e00000, 0x0000000086f00000|  0%| F|  |TAMS 0x0000000086e00000, 0x0000000086e00000| Untracked 
|  91|0x0000000086f00000, 0x0000000086f00000, 0x0000000087000000|  0%| F|  |TAMS 0x0000000086f00000, 0x0000000086f00000| Untracked 
|  92|0x0000000087000000, 0x0000000087000000, 0x0000000087100000|  0%| F|  |TAMS 0x0000000087000000, 0x0000000087000000| Untracked 
|  93|0x0000000087100000, 0x0000000087100000, 0x0000000087200000|  0%| F|  |TAMS 0x0000000087100000, 0x0000000087100000| Untracked 
|  94|0x0000000087200000, 0x0000000087200000, 0x0000000087300000|  0%| F|  |TAMS 0x0000000087200000, 0x0000000087200000| Untracked 
|  95|0x0000000087300000, 0x0000000087300000, 0x0000000087400000|  0%| F|  |TAMS 0x0000000087300000, 0x0000000087300000| Untracked 
|  96|0x0000000087400000, 0x0000000087400000, 0x0000000087500000|  0%| F|  |TAMS 0x0000000087400000, 0x0000000087400000| Untracked 
|  97|0x0000000087500000, 0x0000000087500000, 0x0000000087600000|  0%| F|  |TAMS 0x0000000087500000, 0x0000000087500000| Untracked 
|  98|0x0000000087600000, 0x0000000087600000, 0x0000000087700000|  0%| F|  |TAMS 0x0000000087600000, 0x0000000087600000| Untracked 
|  99|0x0000000087700000, 0x0000000087700000, 0x0000000087800000|  0%| F|  |TAMS 0x0000000087700000, 0x0000000087700000| Untracked 
| 100|0x0000000087800000, 0x0000000087800000, 0x0000000087900000|  0%| F|  |TAMS 0x0000000087800000, 0x0000000087800000| Untracked 
| 101|0x0000000087900000, 0x0000000087900000, 0x0000000087a00000|  0%| F|  |TAMS 0x0000000087900000, 0x0000000087900000| Untracked 
| 102|0x0000000087a00000, 0x0000000087a00000, 0x0000000087b00000|  0%| F|  |TAMS 0x0000000087a00000, 0x0000000087a00000| Untracked 
| 103|0x0000000087b00000, 0x0000000087b00000, 0x0000000087c00000|  0%| F|  |TAMS 0x0000000087b00000, 0x0000000087b00000| Untracked 
| 104|0x0000000087c00000, 0x0000000087c00000, 0x0000000087d00000|  0%| F|  |TAMS 0x0000000087c00000, 0x0000000087c00000| Untracked 
| 105|0x0000000087d00000, 0x0000000087d00000, 0x0000000087e00000|  0%| F|  |TAMS 0x0000000087d00000, 0x0000000087d00000| Untracked 
| 106|0x0000000087e00000, 0x0000000087e00000, 0x0000000087f00000|  0%| F|  |TAMS 0x0000000087e00000, 0x0000000087e00000| Untracked 
| 107|0x0000000087f00000, 0x0000000087f00000, 0x0000000088000000|  0%| F|  |TAMS 0x0000000087f00000, 0x0000000087f00000| Untracked 
| 108|0x0000000088000000, 0x0000000088000000, 0x0000000088100000|  0%| F|  |TAMS 0x0000000088000000, 0x0000000088000000| Untracked 
| 109|0x0000000088100000, 0x0000000088100000, 0x0000000088200000|  0%| F|  |TAMS 0x0000000088100000, 0x0000000088100000| Untracked 
| 110|0x0000000088200000, 0x0000000088200000, 0x0000000088300000|  0%| F|  |TAMS 0x0000000088200000, 0x0000000088200000| Untracked 
| 111|0x0000000088300000, 0x0000000088300000, 0x0000000088400000|  0%| F|  |TAMS 0x0000000088300000, 0x0000000088300000| Untracked 
| 112|0x0000000088400000, 0x0000000088400000, 0x0000000088500000|  0%| F|  |TAMS 0x0000000088400000, 0x0000000088400000| Untracked 
| 113|0x0000000088500000, 0x0000000088500000, 0x0000000088600000|  0%| F|  |TAMS 0x0000000088500000, 0x0000000088500000| Untracked 
| 114|0x0000000088600000, 0x0000000088600000, 0x0000000088700000|  0%| F|  |TAMS 0x0000000088600000, 0x0000000088600000| Untracked 
| 115|0x0000000088700000, 0x0000000088700000, 0x0000000088800000|  0%| F|  |TAMS 0x0000000088700000, 0x0000000088700000| Untracked 
| 116|0x0000000088800000, 0x0000000088800000, 0x0000000088900000|  0%| F|  |TAMS 0x0000000088800000, 0x0000000088800000| Untracked 
| 117|0x0000000088900000, 0x0000000088900000, 0x0000000088a00000|  0%| F|  |TAMS 0x0000000088900000, 0x0000000088900000| Untracked 
| 118|0x0000000088a00000, 0x0000000088a00000, 0x0000000088b00000|  0%| F|  |TAMS 0x0000000088a00000, 0x0000000088a00000| Untracked 
| 119|0x0000000088b00000, 0x0000000088b00000, 0x0000000088c00000|  0%| F|  |TAMS 0x0000000088b00000, 0x0000000088b00000| Untracked 
| 120|0x0000000088c00000, 0x0000000088c00000, 0x0000000088d00000|  0%| F|  |TAMS 0x0000000088c00000, 0x0000000088c00000| Untracked 
| 121|0x0000000088d00000, 0x0000000088d00000, 0x0000000088e00000|  0%| F|  |TAMS 0x0000000088d00000, 0x0000000088d00000| Untracked 
| 122|0x0000000088e00000, 0x0000000088e00000, 0x0000000088f00000|  0%| F|  |TAMS 0x0000000088e00000, 0x0000000088e00000| Untracked 
| 123|0x0000000088f00000, 0x0000000088f00000, 0x0000000089000000|  0%| F|  |TAMS 0x0000000088f00000, 0x0000000088f00000| Untracked 
| 124|0x0000000089000000, 0x000000008908fe00, 0x0000000089100000| 56%| E|  |TAMS 0x0000000089000000, 0x0000000089000000| Complete 
| 125|0x0000000089100000, 0x0000000089200000, 0x0000000089200000|100%| E|CS|TAMS 0x0000000089100000, 0x0000000089100000| Complete 
| 126|0x0000000089200000, 0x0000000089300000, 0x0000000089300000|100%| E|CS|TAMS 0x0000000089200000, 0x0000000089200000| Complete 
| 127|0x0000000089300000, 0x0000000089400000, 0x0000000089400000|100%| E|CS|TAMS 0x0000000089300000, 0x0000000089300000| Complete 

Card table byte_map: [0x000001f616af0000,0x000001f616ef0000] _byte_map_base: 0x000001f6166e6000

Marking Bits (Prev, Next): (CMBitMap*) 0x000001f60387a058, (CMBitMap*) 0x000001f60387a090
 Prev Bits: [0x000001f6172f0000, 0x000001f6192a0000)
 Next Bits: [0x000001f6192a0000, 0x000001f61b250000)

Polling page: 0x000001f602f50000

Metaspace:

Usage:
  Non-class:      4.14 MB capacity,     1.13 MB ( 27%) used,     3.01 MB ( 73%) free+waste,     3.75 KB ( <1%) overhead. 
      Class:    424.00 KB capacity,   120.80 KB ( 28%) used,   300.89 KB ( 71%) free+waste,     2.31 KB ( <1%) overhead. 
       Both:      4.55 MB capacity,     1.25 MB ( 27%) used,     3.30 MB ( 73%) free+waste,     6.06 KB ( <1%) overhead. 

Virtual space:
  Non-class space:        8.00 MB reserved,       4.25 MB ( 53%) committed 
      Class space:        1.00 GB reserved,     512.00 KB ( <1%) committed 
             Both:        1.01 GB reserved,       4.75 MB ( <1%) committed 

Chunk freelists:
   Non-Class:  0 bytes
       Class:  0 bytes
        Both:  0 bytes

CodeHeap 'non-profiled nmethods': size=120064Kb used=103Kb max_used=103Kb free=119960Kb
 bounds [0x000001f60f1b0000, 0x000001f60f420000, 0x000001f6166f0000]
CodeHeap 'profiled nmethods': size=120000Kb used=473Kb max_used=473Kb free=119526Kb
 bounds [0x000001f607c80000, 0x000001f607ef0000, 0x000001f60f1b0000]
CodeHeap 'non-nmethods': size=5696Kb used=1079Kb max_used=1092Kb free=4616Kb
 bounds [0x000001f6076f0000, 0x000001f607960000, 0x000001f607c80000]
 total_blobs=776 nmethods=325 adapters=284
 compilation: enabled
              stopped_count=0, restarted_count=0
 full_count=0

Compilation events (10 events):
Event: 0.397 Thread 0x000001f61d721000  277       3       java.lang.invoke.MemberName::isStatic (8 bytes)
Event: 0.398 Thread 0x000001f61d721000 nmethod 277 0x000001f607cddc90 code [0x000001f607cdde40, 0x000001f607cde078]
Event: 0.398 Thread 0x000001f61d721000  273       3       java.lang.invoke.LambdaForm$Name::isParam (13 bytes)
Event: 0.398 Thread 0x000001f61d721000 nmethod 273 0x000001f607cde110 code [0x000001f607cde2c0, 0x000001f607cde498]
Event: 0.398 Thread 0x000001f61d721000  279       3       sun.invoke.util.Wrapper::hashPrim (30 bytes)
Event: 0.399 Thread 0x000001f61d721000 nmethod 279 0x000001f607cde510 code [0x000001f607cde7c0, 0x000001f607cdf430]
Event: 0.399 Thread 0x000001f61d721000  272       3       java.lang.invoke.LambdaForm::parameter (52 bytes)
Event: 0.399 Thread 0x000001f61d721000 nmethod 272 0x000001f607cdf910 code [0x000001f607cdfac0, 0x000001f607cdfc98]
Event: 0.399 Thread 0x000001f61d721000  275       1       java.lang.invoke.LambdaForm$Name::type (5 bytes)
Event: 0.399 Thread 0x000001f61d721000 nmethod 275 0x000001f60f1c6610 code [0x000001f60f1c67c0, 0x000001f60f1c68f8]

GC Heap History (0 events):
No events

Deoptimization events (4 events):
Event: 0.226 Thread 0x000001f60383d000 Uncommon trap: trap_request=0xffffff4d fr.pc=0x000001f60f1bf12c relative=0x000000000000008c
Event: 0.227 Thread 0x000001f60383d000 Uncommon trap: reason=unstable_if action=reinterpret pc=0x000001f60f1bf12c method=java.lang.String.charAt(I)C @ 4 c2
Event: 0.227 Thread 0x000001f60383d000 DEOPT PACKING pc=0x000001f60f1bf12c sp=0x000000452daff280
Event: 0.227 Thread 0x000001f60383d000 DEOPT UNPACKING pc=0x000001f60771922f sp=0x000000452daff220 mode 2

Classes redefined (0 events):
No events

Internal exceptions (0 events):
No events

Events (10 events):
Event: 0.399 loading class java/nio/channels/Channels
Event: 0.399 loading class java/nio/channels/Channels done
Event: 0.399 loading class sun/nio/ch/ChannelInputStream
Event: 0.399 loading class sun/nio/ch/ChannelInputStream done
Event: 0.399 loading class java/nio/channels/SelectableChannel
Event: 0.400 loading class java/nio/channels/SelectableChannel done
Event: 0.400 loading class sun/nio/ch/Util$BufferCache
Event: 0.400 loading class sun/nio/ch/Util$BufferCache done
Event: 0.400 loading class java/nio/DirectByteBuffer$Deallocator
Event: 0.400 loading class java/nio/DirectByteBuffer$Deallocator done


Dynamic libraries:
0x00007ff73b0a0000 - 0x00007ff73b0e7000 	C:\Program Files\JetBrains\IntelliJ IDEA Community Edition 2019.2.4\jbr\bin\java.exe
0x00007ffeca5c0000 - 0x00007ffeca7b0000 	C:\WINDOWS\SYSTEM32\ntdll.dll
0x00007ffec8dd0000 - 0x00007ffec8e82000 	C:\WINDOWS\System32\KERNEL32.DLL
0x00007ffec7840000 - 0x00007ffec7ae3000 	C:\WINDOWS\System32\KERNELBASE.dll
0x00007ffec9930000 - 0x00007ffec9ac4000 	C:\WINDOWS\System32\USER32.dll
0x00007ffec8390000 - 0x00007ffec83b1000 	C:\WINDOWS\System32\win32u.dll
0x00007ffec8f00000 - 0x00007ffec8f26000 	C:\WINDOWS\System32\GDI32.dll
0x00007ffec76a0000 - 0x00007ffec7834000 	C:\WINDOWS\System32\gdi32full.dll
0x00007ffec82d0000 - 0x00007ffec836e000 	C:\WINDOWS\System32\msvcp_win.dll
0x00007ffec83c0000 - 0x00007ffec84ba000 	C:\WINDOWS\System32\ucrtbase.dll
0x00007ffeb76a0000 - 0x00007ffeb7925000 	C:\WINDOWS\WinSxS\amd64_microsoft.windows.common-controls_6595b64144ccf1df_6.0.18362.418_none_e6c6b287130d565d\COMCTL32.dll
0x00007ffec8720000 - 0x00007ffec87be000 	C:\WINDOWS\System32\msvcrt.dll
0x00007ffec9ba0000 - 0x00007ffec9ed6000 	C:\WINDOWS\System32\combase.dll
0x00007ffeca320000 - 0x00007ffeca440000 	C:\WINDOWS\System32\RPCRT4.dll
0x00007ffec85c0000 - 0x00007ffec8640000 	C:\WINDOWS\System32\bcryptPrimitives.dll
0x00007ffeca450000 - 0x00007ffeca47e000 	C:\WINDOWS\System32\IMM32.DLL
0x00007ffe9d120000 - 0x00007ffe9d137000 	C:\Program Files\JetBrains\IntelliJ IDEA Community Edition 2019.2.4\jbr\bin\vcruntime140.dll
0x00007ffe7dd50000 - 0x00007ffe7dded000 	C:\Program Files\JetBrains\IntelliJ IDEA Community Edition 2019.2.4\jbr\bin\msvcp140.dll
0x00007ffe66820000 - 0x00007ffe672d8000 	C:\Program Files\JetBrains\IntelliJ IDEA Community Edition 2019.2.4\jbr\bin\server\jvm.dll
0x00007ffeca160000 - 0x00007ffeca203000 	C:\WINDOWS\System32\ADVAPI32.dll
0x00007ffeca4e0000 - 0x00007ffeca577000 	C:\WINDOWS\System32\sechost.dll
0x00007ffeca310000 - 0x00007ffeca318000 	C:\WINDOWS\System32\PSAPI.DLL
0x00007ffeb4430000 - 0x00007ffeb4439000 	C:\WINDOWS\SYSTEM32\WSOCK32.dll
0x00007ffec9ad0000 - 0x00007ffec9b3f000 	C:\WINDOWS\System32\WS2_32.dll
0x00007ffec4b70000 - 0x00007ffec4b94000 	C:\WINDOWS\SYSTEM32\WINMM.dll
0x00007ffec1c20000 - 0x00007ffec1c2a000 	C:\WINDOWS\SYSTEM32\VERSION.dll
0x00007ffec4b40000 - 0x00007ffec4b6d000 	C:\WINDOWS\SYSTEM32\WINMMBASE.dll
0x00007ffec84c0000 - 0x00007ffec850a000 	C:\WINDOWS\System32\cfgmgr32.dll
0x00007ffec74c0000 - 0x00007ffec74d1000 	C:\WINDOWS\System32\kernel.appcore.dll
0x00007ffeb8bc0000 - 0x00007ffeb8bd1000 	C:\Program Files\JetBrains\IntelliJ IDEA Community Edition 2019.2.4\jbr\bin\verify.dll
0x00007ffec5d70000 - 0x00007ffec5f64000 	C:\WINDOWS\SYSTEM32\DBGHELP.DLL
0x00007ffebf850000 - 0x00007ffebf87a000 	C:\WINDOWS\SYSTEM32\dbgcore.DLL
0x00007ffea0c30000 - 0x00007ffea0c59000 	C:\Program Files\JetBrains\IntelliJ IDEA Community Edition 2019.2.4\jbr\bin\java.dll
0x00007ffeb9910000 - 0x00007ffeb9944000 	C:\Program Files\JetBrains\IntelliJ IDEA Community Edition 2019.2.4\jbr\bin\instrument.dll
0x00007ffe9e790000 - 0x00007ffe9e7a7000 	C:\Program Files\JetBrains\IntelliJ IDEA Community Edition 2019.2.4\jbr\bin\zip.dll
0x00007ffe9e8e0000 - 0x00007ffe9e8eb000 	C:\Program Files\JetBrains\IntelliJ IDEA Community Edition 2019.2.4\jbr\bin\jimage.dll
0x00007ffec8f50000 - 0x00007ffec9635000 	C:\WINDOWS\System32\SHELL32.dll
0x00007ffec8670000 - 0x00007ffec8719000 	C:\WINDOWS\System32\shcore.dll
0x00007ffec7b50000 - 0x00007ffec82cf000 	C:\WINDOWS\System32\windows.storage.dll
0x00007ffec74e0000 - 0x00007ffec74ff000 	C:\WINDOWS\System32\profapi.dll
0x00007ffec7500000 - 0x00007ffec754a000 	C:\WINDOWS\System32\powrprof.dll
0x00007ffec7490000 - 0x00007ffec74a0000 	C:\WINDOWS\System32\UMPDC.dll
0x00007ffec9ef0000 - 0x00007ffec9f42000 	C:\WINDOWS\System32\shlwapi.dll
0x00007ffec8370000 - 0x00007ffec8387000 	C:\WINDOWS\System32\cryptsp.dll
0x00007ffe9e280000 - 0x00007ffe9e29a000 	C:\Program Files\JetBrains\IntelliJ IDEA Community Edition 2019.2.4\jbr\bin\net.dll
0x00007ffeb8e60000 - 0x00007ffeb8f50000 	C:\WINDOWS\SYSTEM32\WINHTTP.dll
0x00007ffeb2af0000 - 0x00007ffeb2cc6000 	C:\WINDOWS\SYSTEM32\urlmon.dll
0x00007ffeb4180000 - 0x00007ffeb4426000 	C:\WINDOWS\SYSTEM32\iertutil.dll
0x00007ffec6e70000 - 0x00007ffec6e7c000 	C:\WINDOWS\SYSTEM32\CRYPTBASE.DLL
0x00007ffec6ca0000 - 0x00007ffec6d07000 	C:\WINDOWS\system32\mswsock.dll
0x00007ffe9e260000 - 0x00007ffe9e274000 	C:\Program Files\JetBrains\IntelliJ IDEA Community Edition 2019.2.4\jbr\bin\nio.dll
0x00007ffec0190000 - 0x00007ffec01aa000 	C:\Program Files\JetBrains\IntelliJ IDEA Community Edition 2019.2.4\bin\breakgen64.dll
0x00007ffec06b0000 - 0x00007ffec06bc000 	G:\My Drive\.NET Work\License Plate Recognition\IP-MS-LPR\ALPR\openalprjni.dll
0x00007ffe528a0000 - 0x00007ffe52df8000 	G:\My Drive\.NET Work\License Plate Recognition\IP-MS-LPR\ALPR\openalpr.dll
0x00007ffe65ec0000 - 0x00007ffe661b6000 	G:\My Drive\.NET Work\License Plate Recognition\IP-MS-LPR\ALPR\liblept170.dll
0x00007ffe51b20000 - 0x00007ffe5289f000 	G:\My Drive\.NET Work\License Plate Recognition\IP-MS-LPR\ALPR\opencv_world300.dll
0x00007ffeca000000 - 0x00007ffeca156000 	C:\WINDOWS\System32\ole32.dll
0x00007ffec87c0000 - 0x00007ffec8884000 	C:\WINDOWS\System32\OLEAUT32.dll
0x00007ffec8890000 - 0x00007ffec8960000 	C:\WINDOWS\System32\COMDLG32.dll
0x00007ffeb81a0000 - 0x00007ffeb81c9000 	C:\WINDOWS\SYSTEM32\MSVFW32.dll
0x00007ffebdc40000 - 0x00007ffebdc60000 	C:\WINDOWS\SYSTEM32\AVIFIL32.dll
0x00007ffeb7dc0000 - 0x00007ffeb7e12000 	C:\WINDOWS\SYSTEM32\CONCRT140.dll
0x00007ffebdc10000 - 0x00007ffebdc28000 	C:\WINDOWS\SYSTEM32\AVICAP32.dll
0x00007ffe98070000 - 0x00007ffe9808c000 	C:\WINDOWS\SYSTEM32\MSACM32.dll
0x00007ffeb7d90000 - 0x00007ffeb7db4000 	C:\WINDOWS\SYSTEM32\OpenCL.dll
0x00007ffe6bd40000 - 0x00007ffe6bec5000 	C:\WINDOWS\System32\DriverStore\FileRepository\ki131191.inf_amd64_d668106cb6f2eae0\IntelOpenCL64.dll
0x00007ffec6190000 - 0x00007ffec627b000 	C:\WINDOWS\SYSTEM32\dxgi.dll
0x00007ffec6170000 - 0x00007ffec6190000 	C:\WINDOWS\SYSTEM32\dxcore.dll
0x00007ffe8da90000 - 0x00007ffe8dc0d000 	C:\Program Files (x86)\Common Files\Intel\OpenCL\bin\x64\intelocl64.dll
0x00007ffeb13e0000 - 0x00007ffeb144c000 	C:\Program Files (x86)\Common Files\Intel\OpenCL\bin\x64\task_executor64.dll
0x00007ffe978c0000 - 0x00007ffe97a16000 	C:\WINDOWS\SYSTEM32\OPENGL32.dll
0x00007ffe97d30000 - 0x00007ffe97d5c000 	C:\WINDOWS\SYSTEM32\GLU32.dll
0x00007ffeb1360000 - 0x00007ffeb13d5000 	C:\Program Files (x86)\Common Files\Intel\OpenCL\bin\x64\cpu_device64.dll
0x00007ffe51710000 - 0x00007ffe51b20000 	C:\WINDOWS\System32\DriverStore\FileRepository\ki131191.inf_amd64_d668106cb6f2eae0\igdrcl64.dll
0x00007ffebbc20000 - 0x00007ffebbd3a000 	C:\WINDOWS\System32\DriverStore\FileRepository\ki131191.inf_amd64_d668106cb6f2eae0\igdgmm64.dll
0x00007ffea2bc0000 - 0x00007ffea2c82000 	C:\WINDOWS\System32\DriverStore\FileRepository\ki131191.inf_amd64_d668106cb6f2eae0\igdfcl64.dll
0x00007ffeb9b50000 - 0x00007ffebbaf7000 	C:\WINDOWS\System32\DriverStore\FileRepository\ki131191.inf_amd64_d668106cb6f2eae0\igc64.dll

dbghelp: loaded successfully - version: 4.0.5 - missing functions: none
symbol engine: initialized successfully - sym options: 0x614 - pdb path: .;C:\Program Files\JetBrains\IntelliJ IDEA Community Edition 2019.2.4\jbr\bin;C:\WINDOWS\SYSTEM32;C:\WINDOWS\WinSxS\amd64_microsoft.windows.common-controls_6595b64144ccf1df_6.0.18362.418_none_e6c6b287130d565d;C:\Program Files\JetBrains\IntelliJ IDEA Community Edition 2019.2.4\jbr\bin\server;C:\Program Files\JetBrains\IntelliJ IDEA Community Edition 2019.2.4\bin;G:\My Drive\.NET Work\License Plate Recognition\IP-MS-LPR\ALPR;C:\WINDOWS\System32\DriverStore\FileRepository\ki131191.inf_amd64_d668106cb6f2eae0;C:\Program Files (x86)\Common Files\Intel\OpenCL\bin\x64

VM Arguments:
jvm_args: -javaagent:C:\Program Files\JetBrains\IntelliJ IDEA Community Edition 2019.2.4\lib\idea_rt.jar=50522:C:\Program Files\JetBrains\IntelliJ IDEA Community Edition 2019.2.4\bin -Dfile.encoding=UTF-8 
java_command: OpenALPR_Test
java_class_path (initial): G:\My Drive\.NET Work\License Plate Recognition\IP-MS-LPR\ALPR\out\production\main
Launcher Type: SUN_STANDARD

[Global flags]
     intx CICompilerCount                          = 3                                         {product} {ergonomic}
     uint ConcGCThreads                            = 1                                         {product} {ergonomic}
     uint G1ConcRefinementThreads                  = 4                                         {product} {ergonomic}
   size_t G1HeapRegionSize                         = 1048576                                   {product} {ergonomic}
    uintx GCDrainStackTargetSize                   = 64                                        {product} {ergonomic}
   size_t InitialHeapSize                          = 134217728                                 {product} {ergonomic}
   size_t MarkStackSize                            = 4194304                                   {product} {ergonomic}
   size_t MaxHeapSize                              = 2126512128                                {product} {ergonomic}
   size_t MaxNewSize                               = 1275068416                                {product} {ergonomic}
   size_t MinHeapDeltaBytes                        = 1048576                                   {product} {ergonomic}
    uintx NonNMethodCodeHeapSize                   = 5830092                                {pd product} {ergonomic}
    uintx NonProfiledCodeHeapSize                  = 122914074                              {pd product} {ergonomic}
    uintx ProfiledCodeHeapSize                     = 122914074                              {pd product} {ergonomic}
    uintx ReservedCodeCacheSize                    = 251658240                              {pd product} {ergonomic}
     bool SegmentedCodeCache                       = true                                      {product} {ergonomic}
     bool UseCompressedClassPointers               = true                                 {lp64_product} {ergonomic}
     bool UseCompressedOops                        = true                                 {lp64_product} {ergonomic}
     bool UseG1GC                                  = true                                      {product} {ergonomic}
     bool UseLargePagesIndividualAllocation        = false                                  {pd product} {ergonomic}

Logging:
Log output configuration:
 #0: stdout all=warning uptime,level,tags
 #1: stderr all=off uptime,level,tags

Environment Variables:
JAVA_HOME=C:\Program Files\Java\jdk1.8.0_201\bin
PATH=C:\Program Files (x86)\Common Files\Oracle\Java\javapath;C:\Python27\;C:\Python27\Scripts;C:\Program Files (x86)\NVIDIA Corporation\PhysX\Common;C:\Program Files (x86)\Intel\iCLS Client\;C:\Program Files\Intel\iCLS Client\;C:\WINDOWS\system32;C:\WINDOWS;C:\WINDOWS\System32\Wbem;C:\WINDOWS\System32\WindowsPowerShell\v1.0\;C:\Program Files (x86)\Intel\Intel(R) Management Engine Components\DAL;C:\Program Files\Intel\Intel(R) Management Engine Components\DAL;C:\Program Files (x86)\Intel\Intel(R) Management Engine Components\IPT;C:\Program Files\Intel\Intel(R) Management Engine Components\IPT;C:\Program Files\Intel\WiFi\bin\;C:\Program Files\Common Files\Intel\WirelessCommon\;C:\WINDOWS\System32\OpenSSH\;C:\Program Files\dotnet\;C:\Program Files\Microsoft SQL Server\130\Tools\Binn\;C:\Program Files (x86)\Microsoft SQL Server\Client SDK\ODBC\130\Tools\Binn\;C:\Program Files (x86)\Microsoft SQL Server\140\Tools\Binn\;C:\Program Files (x86)\Microsoft SQL Server\140\DTS\Binn\;C:\Program Files (x86)\Microsoft SQL Server\140\Tools\Binn\ManagementStudio\;C:\Program Files\PuTTY\;C:\Program Files\TortoiseGit\bin;C:\Program Files\Git\cmd;C:\Users\cwjvr\AppData\Local\Programs\Python\Python37-32;C:\Users\cwjvr\AppData\Local\Programs\Python\Python37-32\Scripts;C:\Program Files\nodejs\;C:\ProgramData\chocolatey\bin;C:\Program Files\Microsoft VS Code\bin;C:\Program Files\Java\jdk1.8.0_201\bin;C:\Program Files\MySQL\MySQL Shell 8.0\bin\;C:\Users\cwjvr\AppData\Local\Programs\Python\Python37\Scripts\;C:\Users\cwjvr\AppData\Local\Programs\Python\Python37\;C:\Users\cwjvr\AppData\Local\Microsoft\WindowsApps;;C:\Program Files\Microsoft VS Code\bin;C:\Users\cwjvr\AppData\Roaming\npm;C:\Program Files\JetBrains\IntelliJ IDEA Community Edition 2019.2.4\bin;
USERNAME=Michael
OS=Windows_NT
PROCESSOR_IDENTIFIER=Intel64 Family 6 Model 142 Stepping 9, GenuineIntel



---------------  S Y S T E M  ---------------

OS: Windows 10 , 64 bit Build 18362 (10.0.18362.329)

CPU:total 4 (initial active 4) (2 cores per cpu, 2 threads per core) family 6 model 142 stepping 9, cmov, cx8, fxsr, mmx, sse, sse2, sse3, ssse3, sse4.1, sse4.2, popcnt, avx, avx2, aes, clmul, erms, 3dnowpref, lzcnt, ht, tsc, tscinvbit, bmi1, bmi2, adx, fma

Memory: 4k page, system-wide physical 8107M (1629M free)
TotalPageFile size 16215M (AvailPageFile size 6985M)
current process WorkingSet (physical memory assigned to process): 76M, peak: 83M
current process commit charge ("private bytes"): 225M, peak: 238M

vm_info: OpenJDK 64-Bit Server VM (11.0.4+10-b304.77) for windows-amd64 JRE (11.0.4+10-b304.77), built on Oct 10 2019 15:02:36 by "" with MS VC++ 14.0 (VS2015)

END.
